The target system is: Android - 1 - aarch64
The host system is: Darwin - 21.6.0 - x86_64
Detecting C compiler ABI info compiled with the following output:
Change Dir: /Users/lixiaoliang04/work/blur-lib/blur/.cxx/RelWithDebInfo/3a4830o3/arm64-v8a/CMakeFiles/CMakeTmp

Run Build Command(s):/Users/lixiaoliang04/Library/Android/sdk/cmake/3.18.1/bin/ninja cmTC_c3e4f && [1/2] Building C object CMakeFiles/cmTC_c3e4f.dir/CMakeCCompilerABI.c.o
Android clang version 5.0.300080  (based on LLVM 5.0.300080)
Target: aarch64-none-linux-android
Thread model: posix
InstalledDir: /Users/lixiaoliang04/Library/Android/sdk/ndk/16.1.4479499/toolchains/llvm/prebuilt/darwin-x86_64/bin
Found candidate GCC installation: /Users/lixiaoliang04/Library/Android/sdk/ndk/16.1.4479499/toolchains/aarch64-linux-android-4.9/prebuilt/darwin-x86_64/lib/gcc/aarch64-linux-android/4.9.x
Selected GCC installation: /Users/lixiaoliang04/Library/Android/sdk/ndk/16.1.4479499/toolchains/aarch64-linux-android-4.9/prebuilt/darwin-x86_64/lib/gcc/aarch64-linux-android/4.9.x
Candidate multilib: .;@m64
Selected multilib: .;@m64
 "/Users/lixiaoliang04/Library/Android/sdk/ndk/16.1.4479499/toolchains/llvm/prebuilt/darwin-x86_64/bin/clang" -cc1 -triple aarch64-none-linux-android -emit-obj -mrelax-all -mnoexecstack -disable-free -disable-llvm-verifier -discard-value-names -main-file-name CMakeCCompilerABI.c -mrelocation-model pic -pic-level 2 -pic-is-pie -mthread-model posix -mdisable-fp-elim -fmath-errno -masm-verbose -mconstructor-aliases -munwind-tables -fuse-init-array -target-cpu generic -target-feature +neon -target-abi aapcs -backend-option -aarch64-fix-cortex-a53-835769=1 -target-linker-version 2.24 -v -dwarf-column-info -debug-info-kind=limited -dwarf-version=4 -debugger-tuning=gdb -ffunction-sections -coverage-notes-file /Users/lixiaoliang04/work/blur-lib/blur/.cxx/RelWithDebInfo/3a4830o3/arm64-v8a/CMakeFiles/CMakeTmp/CMakeFiles/cmTC_c3e4f.dir/CMakeCCompilerABI.c.gcno -resource-dir /Users/lixiaoliang04/Library/Android/sdk/ndk/16.1.4479499/toolchains/llvm/prebuilt/darwin-x86_64/lib64/clang/5.0.300080 -dependency-file CMakeFiles/cmTC_c3e4f.dir/CMakeCCompilerABI.c.o.d -sys-header-deps -MT CMakeFiles/cmTC_c3e4f.dir/CMakeCCompilerABI.c.o -isystem /Users/lixiaoliang04/Library/Android/sdk/ndk/16.1.4479499/sysroot/usr/include/aarch64-linux-android -D __ANDROID_API__=21 -D ANDROID -isysroot /Users/lixiaoliang04/Library/Android/sdk/ndk/16.1.4479499/sysroot -internal-isystem /Users/lixiaoliang04/Library/Android/sdk/ndk/16.1.4479499/sysroot/usr/local/include -internal-isystem /Users/lixiaoliang04/Library/Android/sdk/ndk/16.1.4479499/toolchains/llvm/prebuilt/darwin-x86_64/lib64/clang/5.0.300080/include -internal-externc-isystem /Users/lixiaoliang04/Library/Android/sdk/ndk/16.1.4479499/sysroot/include -internal-externc-isystem /Users/lixiaoliang04/Library/Android/sdk/ndk/16.1.4479499/sysroot/usr/include -Wformat -fdebug-compilation-dir /Users/lixiaoliang04/work/blur-lib/blur/.cxx/RelWithDebInfo/3a4830o3/arm64-v8a/CMakeFiles/CMakeTmp -ferror-limit 19 -fmessage-length 0 -femulated-tls -stack-protector 2 -fallow-half-arguments-and-returns -fno-signed-char -fobjc-runtime=gcc -fdiagnostics-show-option -o CMakeFiles/cmTC_c3e4f.dir/CMakeCCompilerABI.c.o -x c /Users/lixiaoliang04/Library/Android/sdk/cmake/3.18.1/share/cmake-3.18/Modules/CMakeCCompilerABI.c
clang -cc1 version 5.0.300080 based upon LLVM 5.0.300080 default target x86_64-apple-darwin21.6.0
ignoring nonexistent directory "/Users/lixiaoliang04/Library/Android/sdk/ndk/16.1.4479499/sysroot/usr/local/include"
ignoring nonexistent directory "/Users/lixiaoliang04/Library/Android/sdk/ndk/16.1.4479499/sysroot/include"
#include "..." search starts here:
#include <...> search starts here:
 /Users/lixiaoliang04/Library/Android/sdk/ndk/16.1.4479499/sysroot/usr/include/aarch64-linux-android
 /Users/lixiaoliang04/Library/Android/sdk/ndk/16.1.4479499/toolchains/llvm/prebuilt/darwin-x86_64/lib64/clang/5.0.300080/include
 /Users/lixiaoliang04/Library/Android/sdk/ndk/16.1.4479499/sysroot/usr/include
End of search list.
[2/2] Linking C executable cmTC_c3e4f
Android clang version 5.0.300080  (based on LLVM 5.0.300080)
Target: aarch64-none-linux-android
Thread model: posix
InstalledDir: /Users/lixiaoliang04/Library/Android/sdk/ndk/16.1.4479499/toolchains/llvm/prebuilt/darwin-x86_64/bin
Found candidate GCC installation: /Users/lixiaoliang04/Library/Android/sdk/ndk/16.1.4479499/toolchains/aarch64-linux-android-4.9/prebuilt/darwin-x86_64/lib/gcc/aarch64-linux-android/4.9.x
Selected GCC installation: /Users/lixiaoliang04/Library/Android/sdk/ndk/16.1.4479499/toolchains/aarch64-linux-android-4.9/prebuilt/darwin-x86_64/lib/gcc/aarch64-linux-android/4.9.x
Candidate multilib: .;@m64
Selected multilib: .;@m64
 "/Users/lixiaoliang04/Library/Android/sdk/ndk/16.1.4479499/toolchains/aarch64-linux-android-4.9/prebuilt/darwin-x86_64/lib/gcc/aarch64-linux-android/4.9.x/../../../../aarch64-linux-android/bin/ld" --sysroot=/Users/lixiaoliang04/Library/Android/sdk/ndk/16.1.4479499/platforms/android-21/arch-arm64 -pie --fix-cortex-a53-843419 --eh-frame-hdr -m aarch64linux -dynamic-linker /system/bin/linker64 -o cmTC_c3e4f /Users/lixiaoliang04/Library/Android/sdk/ndk/16.1.4479499/platforms/android-21/arch-arm64/usr/lib/crtbegin_dynamic.o -L/Users/lixiaoliang04/Library/Android/sdk/ndk/16.1.4479499/toolchains/llvm/prebuilt/darwin-x86_64/lib64/clang/5.0.300080/lib/linux/aarch64 -L/Users/lixiaoliang04/Library/Android/sdk/ndk/16.1.4479499/toolchains/aarch64-linux-android-4.9/prebuilt/darwin-x86_64/lib/gcc/aarch64-linux-android/4.9.x -L/Users/lixiaoliang04/Library/Android/sdk/ndk/16.1.4479499/toolchains/aarch64-linux-android-4.9/prebuilt/darwin-x86_64/lib/gcc/aarch64-linux-android/4.9.x/../../../../aarch64-linux-android/lib/../lib64 -L/Users/lixiaoliang04/Library/Android/sdk/ndk/16.1.4479499/toolchains/aarch64-linux-android-4.9/prebuilt/darwin-x86_64/lib/gcc/aarch64-linux-android/4.9.x/../../../../aarch64-linux-android/lib -L/Users/lixiaoliang04/Library/Android/sdk/ndk/16.1.4479499/platforms/android-21/arch-arm64/usr/lib --exclude-libs libgcc.a --exclude-libs libatomic.a --build-id --warn-shared-textrel --fatal-warnings --no-undefined -z noexecstack -z relro -z now --gc-sections -z nocopyreloc CMakeFiles/cmTC_c3e4f.dir/CMakeCCompilerABI.c.o -lgcc -ldl -lc -lgcc -ldl /Users/lixiaoliang04/Library/Android/sdk/ndk/16.1.4479499/platforms/android-21/arch-arm64/usr/lib/crtend_android.o



Parsed C implicit include dir info from above output: rv=done
  found start of include info
  found start of implicit include info
    add: [/Users/lixiaoliang04/Library/Android/sdk/ndk/16.1.4479499/sysroot/usr/include/aarch64-linux-android]
    add: [/Users/lixiaoliang04/Library/Android/sdk/ndk/16.1.4479499/toolchains/llvm/prebuilt/darwin-x86_64/lib64/clang/5.0.300080/include]
    add: [/Users/lixiaoliang04/Library/Android/sdk/ndk/16.1.4479499/sysroot/usr/include]
  end of search list found
  collapse include dir [/Users/lixiaoliang04/Library/Android/sdk/ndk/16.1.4479499/sysroot/usr/include/aarch64-linux-android] ==> [/Users/lixiaoliang04/Library/Android/sdk/ndk/16.1.4479499/sysroot/usr/include/aarch64-linux-android]
  collapse include dir [/Users/lixiaoliang04/Library/Android/sdk/ndk/16.1.4479499/toolchains/llvm/prebuilt/darwin-x86_64/lib64/clang/5.0.300080/include] ==> [/Users/lixiaoliang04/Library/Android/sdk/ndk/16.1.4479499/toolchains/llvm/prebuilt/darwin-x86_64/lib64/clang/5.0.300080/include]
  collapse include dir [/Users/lixiaoliang04/Library/Android/sdk/ndk/16.1.4479499/sysroot/usr/include] ==> [/Users/lixiaoliang04/Library/Android/sdk/ndk/16.1.4479499/sysroot/usr/include]
  implicit include dirs: [/Users/lixiaoliang04/Library/Android/sdk/ndk/16.1.4479499/sysroot/usr/include/aarch64-linux-android;/Users/lixiaoliang04/Library/Android/sdk/ndk/16.1.4479499/toolchains/llvm/prebuilt/darwin-x86_64/lib64/clang/5.0.300080/include;/Users/lixiaoliang04/Library/Android/sdk/ndk/16.1.4479499/sysroot/usr/include]


Parsed C implicit link information from above output:
  link line regex: [^( *|.*[/\])(aarch64-linux-android-ld|CMAKE_LINK_STARTFILE-NOTFOUND|([^/\]+-)?ld|collect2)[^/\]*( |$)]
  ignore line: [Change Dir: /Users/lixiaoliang04/work/blur-lib/blur/.cxx/RelWithDebInfo/3a4830o3/arm64-v8a/CMakeFiles/CMakeTmp]
  ignore line: []
  ignore line: [Run Build Command(s):/Users/lixiaoliang04/Library/Android/sdk/cmake/3.18.1/bin/ninja cmTC_c3e4f && [1/2] Building C object CMakeFiles/cmTC_c3e4f.dir/CMakeCCompilerABI.c.o]
  ignore line: [Android clang version 5.0.300080  (based on LLVM 5.0.300080)]
  ignore line: [Target: aarch64-none-linux-android]
  ignore line: [Thread model: posix]
  ignore line: [InstalledDir: /Users/lixiaoliang04/Library/Android/sdk/ndk/16.1.4479499/toolchains/llvm/prebuilt/darwin-x86_64/bin]
  ignore line: [Found candidate GCC installation: /Users/lixiaoliang04/Library/Android/sdk/ndk/16.1.4479499/toolchains/aarch64-linux-android-4.9/prebuilt/darwin-x86_64/lib/gcc/aarch64-linux-android/4.9.x]
  ignore line: [Selected GCC installation: /Users/lixiaoliang04/Library/Android/sdk/ndk/16.1.4479499/toolchains/aarch64-linux-android-4.9/prebuilt/darwin-x86_64/lib/gcc/aarch64-linux-android/4.9.x]
  ignore line: [Candidate multilib: .]
  ignore line: [@m64]
  ignore line: [Selected multilib: .]
  ignore line: [@m64]
  ignore line: [ "/Users/lixiaoliang04/Library/Android/sdk/ndk/16.1.4479499/toolchains/llvm/prebuilt/darwin-x86_64/bin/clang" -cc1 -triple aarch64-none-linux-android -emit-obj -mrelax-all -mnoexecstack -disable-free -disable-llvm-verifier -discard-value-names -main-file-name CMakeCCompilerABI.c -mrelocation-model pic -pic-level 2 -pic-is-pie -mthread-model posix -mdisable-fp-elim -fmath-errno -masm-verbose -mconstructor-aliases -munwind-tables -fuse-init-array -target-cpu generic -target-feature +neon -target-abi aapcs -backend-option -aarch64-fix-cortex-a53-835769=1 -target-linker-version 2.24 -v -dwarf-column-info -debug-info-kind=limited -dwarf-version=4 -debugger-tuning=gdb -ffunction-sections -coverage-notes-file /Users/lixiaoliang04/work/blur-lib/blur/.cxx/RelWithDebInfo/3a4830o3/arm64-v8a/CMakeFiles/CMakeTmp/CMakeFiles/cmTC_c3e4f.dir/CMakeCCompilerABI.c.gcno -resource-dir /Users/lixiaoliang04/Library/Android/sdk/ndk/16.1.4479499/toolchains/llvm/prebuilt/darwin-x86_64/lib64/clang/5.0.300080 -dependency-file CMakeFiles/cmTC_c3e4f.dir/CMakeCCompilerABI.c.o.d -sys-header-deps -MT CMakeFiles/cmTC_c3e4f.dir/CMakeCCompilerABI.c.o -isystem /Users/lixiaoliang04/Library/Android/sdk/ndk/16.1.4479499/sysroot/usr/include/aarch64-linux-android -D __ANDROID_API__=21 -D ANDROID -isysroot /Users/lixiaoliang04/Library/Android/sdk/ndk/16.1.4479499/sysroot -internal-isystem /Users/lixiaoliang04/Library/Android/sdk/ndk/16.1.4479499/sysroot/usr/local/include -internal-isystem /Users/lixiaoliang04/Library/Android/sdk/ndk/16.1.4479499/toolchains/llvm/prebuilt/darwin-x86_64/lib64/clang/5.0.300080/include -internal-externc-isystem /Users/lixiaoliang04/Library/Android/sdk/ndk/16.1.4479499/sysroot/include -internal-externc-isystem /Users/lixiaoliang04/Library/Android/sdk/ndk/16.1.4479499/sysroot/usr/include -Wformat -fdebug-compilation-dir /Users/lixiaoliang04/work/blur-lib/blur/.cxx/RelWithDebInfo/3a4830o3/arm64-v8a/CMakeFiles/CMakeTmp -ferror-limit 19 -fmessage-length 0 -femulated-tls -stack-protector 2 -fallow-half-arguments-and-returns -fno-signed-char -fobjc-runtime=gcc -fdiagnostics-show-option -o CMakeFiles/cmTC_c3e4f.dir/CMakeCCompilerABI.c.o -x c /Users/lixiaoliang04/Library/Android/sdk/cmake/3.18.1/share/cmake-3.18/Modules/CMakeCCompilerABI.c]
  ignore line: [clang -cc1 version 5.0.300080 based upon LLVM 5.0.300080 default target x86_64-apple-darwin21.6.0]
  ignore line: [ignoring nonexistent directory "/Users/lixiaoliang04/Library/Android/sdk/ndk/16.1.4479499/sysroot/usr/local/include"]
  ignore line: [ignoring nonexistent directory "/Users/lixiaoliang04/Library/Android/sdk/ndk/16.1.4479499/sysroot/include"]
  ignore line: [#include "..." search starts here:]
  ignore line: [#include <...> search starts here:]
  ignore line: [ /Users/lixiaoliang04/Library/Android/sdk/ndk/16.1.4479499/sysroot/usr/include/aarch64-linux-android]
  ignore line: [ /Users/lixiaoliang04/Library/Android/sdk/ndk/16.1.4479499/toolchains/llvm/prebuilt/darwin-x86_64/lib64/clang/5.0.300080/include]
  ignore line: [ /Users/lixiaoliang04/Library/Android/sdk/ndk/16.1.4479499/sysroot/usr/include]
  ignore line: [End of search list.]
  ignore line: [[2/2] Linking C executable cmTC_c3e4f]
  ignore line: [Android clang version 5.0.300080  (based on LLVM 5.0.300080)]
  ignore line: [Target: aarch64-none-linux-android]
  ignore line: [Thread model: posix]
  ignore line: [InstalledDir: /Users/lixiaoliang04/Library/Android/sdk/ndk/16.1.4479499/toolchains/llvm/prebuilt/darwin-x86_64/bin]
  ignore line: [Found candidate GCC installation: /Users/lixiaoliang04/Library/Android/sdk/ndk/16.1.4479499/toolchains/aarch64-linux-android-4.9/prebuilt/darwin-x86_64/lib/gcc/aarch64-linux-android/4.9.x]
  ignore line: [Selected GCC installation: /Users/lixiaoliang04/Library/Android/sdk/ndk/16.1.4479499/toolchains/aarch64-linux-android-4.9/prebuilt/darwin-x86_64/lib/gcc/aarch64-linux-android/4.9.x]
  ignore line: [Candidate multilib: .]
  ignore line: [@m64]
  ignore line: [Selected multilib: .]
  ignore line: [@m64]
  link line: [ "/Users/lixiaoliang04/Library/Android/sdk/ndk/16.1.4479499/toolchains/aarch64-linux-android-4.9/prebuilt/darwin-x86_64/lib/gcc/aarch64-linux-android/4.9.x/../../../../aarch64-linux-android/bin/ld" --sysroot=/Users/lixiaoliang04/Library/Android/sdk/ndk/16.1.4479499/platforms/android-21/arch-arm64 -pie --fix-cortex-a53-843419 --eh-frame-hdr -m aarch64linux -dynamic-linker /system/bin/linker64 -o cmTC_c3e4f /Users/lixiaoliang04/Library/Android/sdk/ndk/16.1.4479499/platforms/android-21/arch-arm64/usr/lib/crtbegin_dynamic.o -L/Users/lixiaoliang04/Library/Android/sdk/ndk/16.1.4479499/toolchains/llvm/prebuilt/darwin-x86_64/lib64/clang/5.0.300080/lib/linux/aarch64 -L/Users/lixiaoliang04/Library/Android/sdk/ndk/16.1.4479499/toolchains/aarch64-linux-android-4.9/prebuilt/darwin-x86_64/lib/gcc/aarch64-linux-android/4.9.x -L/Users/lixiaoliang04/Library/Android/sdk/ndk/16.1.4479499/toolchains/aarch64-linux-android-4.9/prebuilt/darwin-x86_64/lib/gcc/aarch64-linux-android/4.9.x/../../../../aarch64-linux-android/lib/../lib64 -L/Users/lixiaoliang04/Library/Android/sdk/ndk/16.1.4479499/toolchains/aarch64-linux-android-4.9/prebuilt/darwin-x86_64/lib/gcc/aarch64-linux-android/4.9.x/../../../../aarch64-linux-android/lib -L/Users/lixiaoliang04/Library/Android/sdk/ndk/16.1.4479499/platforms/android-21/arch-arm64/usr/lib --exclude-libs libgcc.a --exclude-libs libatomic.a --build-id --warn-shared-textrel --fatal-warnings --no-undefined -z noexecstack -z relro -z now --gc-sections -z nocopyreloc CMakeFiles/cmTC_c3e4f.dir/CMakeCCompilerABI.c.o -lgcc -ldl -lc -lgcc -ldl /Users/lixiaoliang04/Library/Android/sdk/ndk/16.1.4479499/platforms/android-21/arch-arm64/usr/lib/crtend_android.o]
    arg [/Users/lixiaoliang04/Library/Android/sdk/ndk/16.1.4479499/toolchains/aarch64-linux-android-4.9/prebuilt/darwin-x86_64/lib/gcc/aarch64-linux-android/4.9.x/../../../../aarch64-linux-android/bin/ld] ==> ignore
    arg [--sysroot=/Users/lixiaoliang04/Library/Android/sdk/ndk/16.1.4479499/platforms/android-21/arch-arm64] ==> ignore
    arg [-pie] ==> ignore
    arg [--fix-cortex-a53-843419] ==> ignore
    arg [--eh-frame-hdr] ==> ignore
    arg [-m] ==> ignore
    arg [aarch64linux] ==> ignore
    arg [-dynamic-linker] ==> ignore
    arg [/system/bin/linker64] ==> ignore
    arg [-o] ==> ignore
    arg [cmTC_c3e4f] ==> ignore
    arg [/Users/lixiaoliang04/Library/Android/sdk/ndk/16.1.4479499/platforms/android-21/arch-arm64/usr/lib/crtbegin_dynamic.o] ==> ignore
    arg [-L/Users/lixiaoliang04/Library/Android/sdk/ndk/16.1.4479499/toolchains/llvm/prebuilt/darwin-x86_64/lib64/clang/5.0.300080/lib/linux/aarch64] ==> dir [/Users/lixiaoliang04/Library/Android/sdk/ndk/16.1.4479499/toolchains/llvm/prebuilt/darwin-x86_64/lib64/clang/5.0.300080/lib/linux/aarch64]
    arg [-L/Users/lixiaoliang04/Library/Android/sdk/ndk/16.1.4479499/toolchains/aarch64-linux-android-4.9/prebuilt/darwin-x86_64/lib/gcc/aarch64-linux-android/4.9.x] ==> dir [/Users/lixiaoliang04/Library/Android/sdk/ndk/16.1.4479499/toolchains/aarch64-linux-android-4.9/prebuilt/darwin-x86_64/lib/gcc/aarch64-linux-android/4.9.x]
    arg [-L/Users/lixiaoliang04/Library/Android/sdk/ndk/16.1.4479499/toolchains/aarch64-linux-android-4.9/prebuilt/darwin-x86_64/lib/gcc/aarch64-linux-android/4.9.x/../../../../aarch64-linux-android/lib/../lib64] ==> dir [/Users/lixiaoliang04/Library/Android/sdk/ndk/16.1.4479499/toolchains/aarch64-linux-android-4.9/prebuilt/darwin-x86_64/lib/gcc/aarch64-linux-android/4.9.x/../../../../aarch64-linux-android/lib/../lib64]
    arg [-L/Users/lixiaoliang04/Library/Android/sdk/ndk/16.1.4479499/toolchains/aarch64-linux-android-4.9/prebuilt/darwin-x86_64/lib/gcc/aarch64-linux-android/4.9.x/../../../../aarch64-linux-android/lib] ==> dir [/Users/lixiaoliang04/Library/Android/sdk/ndk/16.1.4479499/toolchains/aarch64-linux-android-4.9/prebuilt/darwin-x86_64/lib/gcc/aarch64-linux-android/4.9.x/../../../../aarch64-linux-android/lib]
    arg [-L/Users/lixiaoliang04/Library/Android/sdk/ndk/16.1.4479499/platforms/android-21/arch-arm64/usr/lib] ==> dir [/Users/lixiaoliang04/Library/Android/sdk/ndk/16.1.4479499/platforms/android-21/arch-arm64/usr/lib]
    arg [--exclude-libs] ==> ignore
    arg [libgcc.a] ==> ignore
    arg [--exclude-libs] ==> ignore
    arg [libatomic.a] ==> ignore
    arg [--build-id] ==> ignore
    arg [--warn-shared-textrel] ==> ignore
    arg [--fatal-warnings] ==> ignore
    arg [--no-undefined] ==> ignore
    arg [-znoexecstack] ==> ignore
    arg [-zrelro] ==> ignore
    arg [-znow] ==> ignore
    arg [--gc-sections] ==> ignore
    arg [-znocopyreloc] ==> ignore
    arg [CMakeFiles/cmTC_c3e4f.dir/CMakeCCompilerABI.c.o] ==> ignore
    arg [-lgcc] ==> lib [gcc]
    arg [-ldl] ==> lib [dl]
    arg [-lc] ==> lib [c]
    arg [-lgcc] ==> lib [gcc]
    arg [-ldl] ==> lib [dl]
    arg [/Users/lixiaoliang04/Library/Android/sdk/ndk/16.1.4479499/platforms/android-21/arch-arm64/usr/lib/crtend_android.o] ==> ignore
  collapse library dir [/Users/lixiaoliang04/Library/Android/sdk/ndk/16.1.4479499/toolchains/llvm/prebuilt/darwin-x86_64/lib64/clang/5.0.300080/lib/linux/aarch64] ==> [/Users/lixiaoliang04/Library/Android/sdk/ndk/16.1.4479499/toolchains/llvm/prebuilt/darwin-x86_64/lib64/clang/5.0.300080/lib/linux/aarch64]
  collapse library dir [/Users/lixiaoliang04/Library/Android/sdk/ndk/16.1.4479499/toolchains/aarch64-linux-android-4.9/prebuilt/darwin-x86_64/lib/gcc/aarch64-linux-android/4.9.x] ==> [/Users/lixiaoliang04/Library/Android/sdk/ndk/16.1.4479499/toolchains/aarch64-linux-android-4.9/prebuilt/darwin-x86_64/lib/gcc/aarch64-linux-android/4.9.x]
  collapse library dir [/Users/lixiaoliang04/Library/Android/sdk/ndk/16.1.4479499/toolchains/aarch64-linux-android-4.9/prebuilt/darwin-x86_64/lib/gcc/aarch64-linux-android/4.9.x/../../../../aarch64-linux-android/lib/../lib64] ==> [/Users/lixiaoliang04/Library/Android/sdk/ndk/16.1.4479499/toolchains/aarch64-linux-android-4.9/prebuilt/darwin-x86_64/aarch64-linux-android/lib64]
  collapse library dir [/Users/lixiaoliang04/Library/Android/sdk/ndk/16.1.4479499/toolchains/aarch64-linux-android-4.9/prebuilt/darwin-x86_64/lib/gcc/aarch64-linux-android/4.9.x/../../../../aarch64-linux-android/lib] ==> [/Users/lixiaoliang04/Library/Android/sdk/ndk/16.1.4479499/toolchains/aarch64-linux-android-4.9/prebuilt/darwin-x86_64/aarch64-linux-android/lib]
  collapse library dir [/Users/lixiaoliang04/Library/Android/sdk/ndk/16.1.4479499/platforms/android-21/arch-arm64/usr/lib] ==> [/Users/lixiaoliang04/Library/Android/sdk/ndk/16.1.4479499/platforms/android-21/arch-arm64/usr/lib]
  implicit libs: [gcc;dl;c;gcc;dl]
  implicit dirs: [/Users/lixiaoliang04/Library/Android/sdk/ndk/16.1.4479499/toolchains/llvm/prebuilt/darwin-x86_64/lib64/clang/5.0.300080/lib/linux/aarch64;/Users/lixiaoliang04/Library/Android/sdk/ndk/16.1.4479499/toolchains/aarch64-linux-android-4.9/prebuilt/darwin-x86_64/lib/gcc/aarch64-linux-android/4.9.x;/Users/lixiaoliang04/Library/Android/sdk/ndk/16.1.4479499/toolchains/aarch64-linux-android-4.9/prebuilt/darwin-x86_64/aarch64-linux-android/lib64;/Users/lixiaoliang04/Library/Android/sdk/ndk/16.1.4479499/toolchains/aarch64-linux-android-4.9/prebuilt/darwin-x86_64/aarch64-linux-android/lib;/Users/lixiaoliang04/Library/Android/sdk/ndk/16.1.4479499/platforms/android-21/arch-arm64/usr/lib]
  implicit fwks: []


Detecting CXX compiler ABI info compiled with the following output:
Change Dir: /Users/lixiaoliang04/work/blur-lib/blur/.cxx/RelWithDebInfo/3a4830o3/arm64-v8a/CMakeFiles/CMakeTmp

Run Build Command(s):/Users/lixiaoliang04/Library/Android/sdk/cmake/3.18.1/bin/ninja cmTC_d271c && [1/2] Building CXX object CMakeFiles/cmTC_d271c.dir/CMakeCXXCompilerABI.cpp.o
Android clang version 5.0.300080  (based on LLVM 5.0.300080)
Target: aarch64-none-linux-android
Thread model: posix
InstalledDir: /Users/lixiaoliang04/Library/Android/sdk/ndk/16.1.4479499/toolchains/llvm/prebuilt/darwin-x86_64/bin
Found candidate GCC installation: /Users/lixiaoliang04/Library/Android/sdk/ndk/16.1.4479499/toolchains/aarch64-linux-android-4.9/prebuilt/darwin-x86_64/lib/gcc/aarch64-linux-android/4.9.x
Selected GCC installation: /Users/lixiaoliang04/Library/Android/sdk/ndk/16.1.4479499/toolchains/aarch64-linux-android-4.9/prebuilt/darwin-x86_64/lib/gcc/aarch64-linux-android/4.9.x
Candidate multilib: .;@m64
Selected multilib: .;@m64
 "/Users/lixiaoliang04/Library/Android/sdk/ndk/16.1.4479499/toolchains/llvm/prebuilt/darwin-x86_64/bin/clang++" -cc1 -triple aarch64-none-linux-android -emit-obj -mrelax-all -mnoexecstack -disable-free -disable-llvm-verifier -discard-value-names -main-file-name CMakeCXXCompilerABI.cpp -mrelocation-model pic -pic-level 2 -pic-is-pie -mthread-model posix -mdisable-fp-elim -fmath-errno -masm-verbose -mconstructor-aliases -munwind-tables -fuse-init-array -target-cpu generic -target-feature +neon -target-abi aapcs -backend-option -aarch64-fix-cortex-a53-835769=1 -target-linker-version 2.24 -v -dwarf-column-info -debug-info-kind=limited -dwarf-version=4 -debugger-tuning=gdb -ffunction-sections -coverage-notes-file /Users/lixiaoliang04/work/blur-lib/blur/.cxx/RelWithDebInfo/3a4830o3/arm64-v8a/CMakeFiles/CMakeTmp/CMakeFiles/cmTC_d271c.dir/CMakeCXXCompilerABI.cpp.gcno -resource-dir /Users/lixiaoliang04/Library/Android/sdk/ndk/16.1.4479499/toolchains/llvm/prebuilt/darwin-x86_64/lib64/clang/5.0.300080 -dependency-file CMakeFiles/cmTC_d271c.dir/CMakeCXXCompilerABI.cpp.o.d -sys-header-deps -MT CMakeFiles/cmTC_d271c.dir/CMakeCXXCompilerABI.cpp.o -isystem /Users/lixiaoliang04/Library/Android/sdk/ndk/16.1.4479499/sources/cxx-stl/gnu-libstdc++/4.9/include -isystem /Users/lixiaoliang04/Library/Android/sdk/ndk/16.1.4479499/sources/cxx-stl/gnu-libstdc++/4.9/libs/arm64-v8a/include -isystem /Users/lixiaoliang04/Library/Android/sdk/ndk/16.1.4479499/sources/cxx-stl/gnu-libstdc++/4.9/include/backward -isystem /Users/lixiaoliang04/Library/Android/sdk/ndk/16.1.4479499/sysroot/usr/include/aarch64-linux-android -D __ANDROID_API__=21 -D ANDROID -isysroot /Users/lixiaoliang04/Library/Android/sdk/ndk/16.1.4479499/sysroot -internal-isystem /Users/lixiaoliang04/Library/Android/sdk/ndk/16.1.4479499/sysroot/usr/local/include -internal-isystem /Users/lixiaoliang04/Library/Android/sdk/ndk/16.1.4479499/toolchains/llvm/prebuilt/darwin-x86_64/lib64/clang/5.0.300080/include -internal-externc-isystem /Users/lixiaoliang04/Library/Android/sdk/ndk/16.1.4479499/sysroot/include -internal-externc-isystem /Users/lixiaoliang04/Library/Android/sdk/ndk/16.1.4479499/sysroot/usr/include -Wformat -fdeprecated-macro -fdebug-compilation-dir /Users/lixiaoliang04/work/blur-lib/blur/.cxx/RelWithDebInfo/3a4830o3/arm64-v8a/CMakeFiles/CMakeTmp -ferror-limit 19 -fmessage-length 0 -femulated-tls -stack-protector 2 -fallow-half-arguments-and-returns -fno-signed-char -fobjc-runtime=gcc -fcxx-exceptions -fexceptions -fdiagnostics-show-option -o CMakeFiles/cmTC_d271c.dir/CMakeCXXCompilerABI.cpp.o -x c++ /Users/lixiaoliang04/Library/Android/sdk/cmake/3.18.1/share/cmake-3.18/Modules/CMakeCXXCompilerABI.cpp
clang -cc1 version 5.0.300080 based upon LLVM 5.0.300080 default target x86_64-apple-darwin21.6.0
ignoring nonexistent directory "/Users/lixiaoliang04/Library/Android/sdk/ndk/16.1.4479499/sysroot/usr/local/include"
ignoring nonexistent directory "/Users/lixiaoliang04/Library/Android/sdk/ndk/16.1.4479499/sysroot/include"
#include "..." search starts here:
#include <...> search starts here:
 /Users/lixiaoliang04/Library/Android/sdk/ndk/16.1.4479499/sources/cxx-stl/gnu-libstdc++/4.9/include
 /Users/lixiaoliang04/Library/Android/sdk/ndk/16.1.4479499/sources/cxx-stl/gnu-libstdc++/4.9/libs/arm64-v8a/include
 /Users/lixiaoliang04/Library/Android/sdk/ndk/16.1.4479499/sources/cxx-stl/gnu-libstdc++/4.9/include/backward
 /Users/lixiaoliang04/Library/Android/sdk/ndk/16.1.4479499/sysroot/usr/include/aarch64-linux-android
 /Users/lixiaoliang04/Library/Android/sdk/ndk/16.1.4479499/toolchains/llvm/prebuilt/darwin-x86_64/lib64/clang/5.0.300080/include
 /Users/lixiaoliang04/Library/Android/sdk/ndk/16.1.4479499/sysroot/usr/include
End of search list.
[2/2] Linking CXX executable cmTC_d271c
Android clang version 5.0.300080  (based on LLVM 5.0.300080)
Target: aarch64-none-linux-android
Thread model: posix
InstalledDir: /Users/lixiaoliang04/Library/Android/sdk/ndk/16.1.4479499/toolchains/llvm/prebuilt/darwin-x86_64/bin
Found candidate GCC installation: /Users/lixiaoliang04/Library/Android/sdk/ndk/16.1.4479499/toolchains/aarch64-linux-android-4.9/prebuilt/darwin-x86_64/lib/gcc/aarch64-linux-android/4.9.x
Selected GCC installation: /Users/lixiaoliang04/Library/Android/sdk/ndk/16.1.4479499/toolchains/aarch64-linux-android-4.9/prebuilt/darwin-x86_64/lib/gcc/aarch64-linux-android/4.9.x
Candidate multilib: .;@m64
Selected multilib: .;@m64
 "/Users/lixiaoliang04/Library/Android/sdk/ndk/16.1.4479499/toolchains/aarch64-linux-android-4.9/prebuilt/darwin-x86_64/lib/gcc/aarch64-linux-android/4.9.x/../../../../aarch64-linux-android/bin/ld" --sysroot=/Users/lixiaoliang04/Library/Android/sdk/ndk/16.1.4479499/platforms/android-21/arch-arm64 -pie --fix-cortex-a53-843419 --eh-frame-hdr -m aarch64linux -dynamic-linker /system/bin/linker64 -o cmTC_d271c /Users/lixiaoliang04/Library/Android/sdk/ndk/16.1.4479499/platforms/android-21/arch-arm64/usr/lib/crtbegin_dynamic.o -L/Users/lixiaoliang04/Library/Android/sdk/ndk/16.1.4479499/toolchains/llvm/prebuilt/darwin-x86_64/lib64/clang/5.0.300080/lib/linux/aarch64 -L/Users/lixiaoliang04/Library/Android/sdk/ndk/16.1.4479499/toolchains/aarch64-linux-android-4.9/prebuilt/darwin-x86_64/lib/gcc/aarch64-linux-android/4.9.x -L/Users/lixiaoliang04/Library/Android/sdk/ndk/16.1.4479499/toolchains/aarch64-linux-android-4.9/prebuilt/darwin-x86_64/lib/gcc/aarch64-linux-android/4.9.x/../../../../aarch64-linux-android/lib/../lib64 -L/Users/lixiaoliang04/Library/Android/sdk/ndk/16.1.4479499/toolchains/aarch64-linux-android-4.9/prebuilt/darwin-x86_64/lib/gcc/aarch64-linux-android/4.9.x/../../../../aarch64-linux-android/lib -L/Users/lixiaoliang04/Library/Android/sdk/ndk/16.1.4479499/platforms/android-21/arch-arm64/usr/lib --exclude-libs libgcc.a --exclude-libs libatomic.a --build-id --warn-shared-textrel --fatal-warnings --no-undefined -z noexecstack -z relro -z now --gc-sections -z nocopyreloc CMakeFiles/cmTC_d271c.dir/CMakeCXXCompilerABI.cpp.o -lstdc++ -lm -lgcc -lgcc -ldl -lc -lgcc -lgcc -ldl /Users/lixiaoliang04/Library/Android/sdk/ndk/16.1.4479499/platforms/android-21/arch-arm64/usr/lib/crtend_android.o



Parsed CXX implicit include dir info from above output: rv=done
  found start of include info
  found start of implicit include info
    add: [/Users/lixiaoliang04/Library/Android/sdk/ndk/16.1.4479499/sources/cxx-stl/gnu-libstdc++/4.9/include]
    add: [/Users/lixiaoliang04/Library/Android/sdk/ndk/16.1.4479499/sources/cxx-stl/gnu-libstdc++/4.9/libs/arm64-v8a/include]
    add: [/Users/lixiaoliang04/Library/Android/sdk/ndk/16.1.4479499/sources/cxx-stl/gnu-libstdc++/4.9/include/backward]
    add: [/Users/lixiaoliang04/Library/Android/sdk/ndk/16.1.4479499/sysroot/usr/include/aarch64-linux-android]
    add: [/Users/lixiaoliang04/Library/Android/sdk/ndk/16.1.4479499/toolchains/llvm/prebuilt/darwin-x86_64/lib64/clang/5.0.300080/include]
    add: [/Users/lixiaoliang04/Library/Android/sdk/ndk/16.1.4479499/sysroot/usr/include]
  end of search list found
  collapse include dir [/Users/lixiaoliang04/Library/Android/sdk/ndk/16.1.4479499/sources/cxx-stl/gnu-libstdc++/4.9/include] ==> [/Users/lixiaoliang04/Library/Android/sdk/ndk/16.1.4479499/sources/cxx-stl/gnu-libstdc++/4.9/include]
  collapse include dir [/Users/lixiaoliang04/Library/Android/sdk/ndk/16.1.4479499/sources/cxx-stl/gnu-libstdc++/4.9/libs/arm64-v8a/include] ==> [/Users/lixiaoliang04/Library/Android/sdk/ndk/16.1.4479499/sources/cxx-stl/gnu-libstdc++/4.9/libs/arm64-v8a/include]
  collapse include dir [/Users/lixiaoliang04/Library/Android/sdk/ndk/16.1.4479499/sources/cxx-stl/gnu-libstdc++/4.9/include/backward] ==> [/Users/lixiaoliang04/Library/Android/sdk/ndk/16.1.4479499/sources/cxx-stl/gnu-libstdc++/4.9/include/backward]
  collapse include dir [/Users/lixiaoliang04/Library/Android/sdk/ndk/16.1.4479499/sysroot/usr/include/aarch64-linux-android] ==> [/Users/lixiaoliang04/Library/Android/sdk/ndk/16.1.4479499/sysroot/usr/include/aarch64-linux-android]
  collapse include dir [/Users/lixiaoliang04/Library/Android/sdk/ndk/16.1.4479499/toolchains/llvm/prebuilt/darwin-x86_64/lib64/clang/5.0.300080/include] ==> [/Users/lixiaoliang04/Library/Android/sdk/ndk/16.1.4479499/toolchains/llvm/prebuilt/darwin-x86_64/lib64/clang/5.0.300080/include]
  collapse include dir [/Users/lixiaoliang04/Library/Android/sdk/ndk/16.1.4479499/sysroot/usr/include] ==> [/Users/lixiaoliang04/Library/Android/sdk/ndk/16.1.4479499/sysroot/usr/include]
  implicit include dirs: [/Users/lixiaoliang04/Library/Android/sdk/ndk/16.1.4479499/sources/cxx-stl/gnu-libstdc++/4.9/include;/Users/lixiaoliang04/Library/Android/sdk/ndk/16.1.4479499/sources/cxx-stl/gnu-libstdc++/4.9/libs/arm64-v8a/include;/Users/lixiaoliang04/Library/Android/sdk/ndk/16.1.4479499/sources/cxx-stl/gnu-libstdc++/4.9/include/backward;/Users/lixiaoliang04/Library/Android/sdk/ndk/16.1.4479499/sysroot/usr/include/aarch64-linux-android;/Users/lixiaoliang04/Library/Android/sdk/ndk/16.1.4479499/toolchains/llvm/prebuilt/darwin-x86_64/lib64/clang/5.0.300080/include;/Users/lixiaoliang04/Library/Android/sdk/ndk/16.1.4479499/sysroot/usr/include]


Parsed CXX implicit link information from above output:
  link line regex: [^( *|.*[/\])(aarch64-linux-android-ld|CMAKE_LINK_STARTFILE-NOTFOUND|([^/\]+-)?ld|collect2)[^/\]*( |$)]
  ignore line: [Change Dir: /Users/lixiaoliang04/work/blur-lib/blur/.cxx/RelWithDebInfo/3a4830o3/arm64-v8a/CMakeFiles/CMakeTmp]
  ignore line: []
  ignore line: [Run Build Command(s):/Users/lixiaoliang04/Library/Android/sdk/cmake/3.18.1/bin/ninja cmTC_d271c && [1/2] Building CXX object CMakeFiles/cmTC_d271c.dir/CMakeCXXCompilerABI.cpp.o]
  ignore line: [Android clang version 5.0.300080  (based on LLVM 5.0.300080)]
  ignore line: [Target: aarch64-none-linux-android]
  ignore line: [Thread model: posix]
  ignore line: [InstalledDir: /Users/lixiaoliang04/Library/Android/sdk/ndk/16.1.4479499/toolchains/llvm/prebuilt/darwin-x86_64/bin]
  ignore line: [Found candidate GCC installation: /Users/lixiaoliang04/Library/Android/sdk/ndk/16.1.4479499/toolchains/aarch64-linux-android-4.9/prebuilt/darwin-x86_64/lib/gcc/aarch64-linux-android/4.9.x]
  ignore line: [Selected GCC installation: /Users/lixiaoliang04/Library/Android/sdk/ndk/16.1.4479499/toolchains/aarch64-linux-android-4.9/prebuilt/darwin-x86_64/lib/gcc/aarch64-linux-android/4.9.x]
  ignore line: [Candidate multilib: .]
  ignore line: [@m64]
  ignore line: [Selected multilib: .]
  ignore line: [@m64]
  ignore line: [ "/Users/lixiaoliang04/Library/Android/sdk/ndk/16.1.4479499/toolchains/llvm/prebuilt/darwin-x86_64/bin/clang++" -cc1 -triple aarch64-none-linux-android -emit-obj -mrelax-all -mnoexecstack -disable-free -disable-llvm-verifier -discard-value-names -main-file-name CMakeCXXCompilerABI.cpp -mrelocation-model pic -pic-level 2 -pic-is-pie -mthread-model posix -mdisable-fp-elim -fmath-errno -masm-verbose -mconstructor-aliases -munwind-tables -fuse-init-array -target-cpu generic -target-feature +neon -target-abi aapcs -backend-option -aarch64-fix-cortex-a53-835769=1 -target-linker-version 2.24 -v -dwarf-column-info -debug-info-kind=limited -dwarf-version=4 -debugger-tuning=gdb -ffunction-sections -coverage-notes-file /Users/lixiaoliang04/work/blur-lib/blur/.cxx/RelWithDebInfo/3a4830o3/arm64-v8a/CMakeFiles/CMakeTmp/CMakeFiles/cmTC_d271c.dir/CMakeCXXCompilerABI.cpp.gcno -resource-dir /Users/lixiaoliang04/Library/Android/sdk/ndk/16.1.4479499/toolchains/llvm/prebuilt/darwin-x86_64/lib64/clang/5.0.300080 -dependency-file CMakeFiles/cmTC_d271c.dir/CMakeCXXCompilerABI.cpp.o.d -sys-header-deps -MT CMakeFiles/cmTC_d271c.dir/CMakeCXXCompilerABI.cpp.o -isystem /Users/lixiaoliang04/Library/Android/sdk/ndk/16.1.4479499/sources/cxx-stl/gnu-libstdc++/4.9/include -isystem /Users/lixiaoliang04/Library/Android/sdk/ndk/16.1.4479499/sources/cxx-stl/gnu-libstdc++/4.9/libs/arm64-v8a/include -isystem /Users/lixiaoliang04/Library/Android/sdk/ndk/16.1.4479499/sources/cxx-stl/gnu-libstdc++/4.9/include/backward -isystem /Users/lixiaoliang04/Library/Android/sdk/ndk/16.1.4479499/sysroot/usr/include/aarch64-linux-android -D __ANDROID_API__=21 -D ANDROID -isysroot /Users/lixiaoliang04/Library/Android/sdk/ndk/16.1.4479499/sysroot -internal-isystem /Users/lixiaoliang04/Library/Android/sdk/ndk/16.1.4479499/sysroot/usr/local/include -internal-isystem /Users/lixiaoliang04/Library/Android/sdk/ndk/16.1.4479499/toolchains/llvm/prebuilt/darwin-x86_64/lib64/clang/5.0.300080/include -internal-externc-isystem /Users/lixiaoliang04/Library/Android/sdk/ndk/16.1.4479499/sysroot/include -internal-externc-isystem /Users/lixiaoliang04/Library/Android/sdk/ndk/16.1.4479499/sysroot/usr/include -Wformat -fdeprecated-macro -fdebug-compilation-dir /Users/lixiaoliang04/work/blur-lib/blur/.cxx/RelWithDebInfo/3a4830o3/arm64-v8a/CMakeFiles/CMakeTmp -ferror-limit 19 -fmessage-length 0 -femulated-tls -stack-protector 2 -fallow-half-arguments-and-returns -fno-signed-char -fobjc-runtime=gcc -fcxx-exceptions -fexceptions -fdiagnostics-show-option -o CMakeFiles/cmTC_d271c.dir/CMakeCXXCompilerABI.cpp.o -x c++ /Users/lixiaoliang04/Library/Android/sdk/cmake/3.18.1/share/cmake-3.18/Modules/CMakeCXXCompilerABI.cpp]
  ignore line: [clang -cc1 version 5.0.300080 based upon LLVM 5.0.300080 default target x86_64-apple-darwin21.6.0]
  ignore line: [ignoring nonexistent directory "/Users/lixiaoliang04/Library/Android/sdk/ndk/16.1.4479499/sysroot/usr/local/include"]
  ignore line: [ignoring nonexistent directory "/Users/lixiaoliang04/Library/Android/sdk/ndk/16.1.4479499/sysroot/include"]
  ignore line: [#include "..." search starts here:]
  ignore line: [#include <...> search starts here:]
  ignore line: [ /Users/lixiaoliang04/Library/Android/sdk/ndk/16.1.4479499/sources/cxx-stl/gnu-libstdc++/4.9/include]
  ignore line: [ /Users/lixiaoliang04/Library/Android/sdk/ndk/16.1.4479499/sources/cxx-stl/gnu-libstdc++/4.9/libs/arm64-v8a/include]
  ignore line: [ /Users/lixiaoliang04/Library/Android/sdk/ndk/16.1.4479499/sources/cxx-stl/gnu-libstdc++/4.9/include/backward]
  ignore line: [ /Users/lixiaoliang04/Library/Android/sdk/ndk/16.1.4479499/sysroot/usr/include/aarch64-linux-android]
  ignore line: [ /Users/lixiaoliang04/Library/Android/sdk/ndk/16.1.4479499/toolchains/llvm/prebuilt/darwin-x86_64/lib64/clang/5.0.300080/include]
  ignore line: [ /Users/lixiaoliang04/Library/Android/sdk/ndk/16.1.4479499/sysroot/usr/include]
  ignore line: [End of search list.]
  ignore line: [[2/2] Linking CXX executable cmTC_d271c]
  ignore line: [Android clang version 5.0.300080  (based on LLVM 5.0.300080)]
  ignore line: [Target: aarch64-none-linux-android]
  ignore line: [Thread model: posix]
  ignore line: [InstalledDir: /Users/lixiaoliang04/Library/Android/sdk/ndk/16.1.4479499/toolchains/llvm/prebuilt/darwin-x86_64/bin]
  ignore line: [Found candidate GCC installation: /Users/lixiaoliang04/Library/Android/sdk/ndk/16.1.4479499/toolchains/aarch64-linux-android-4.9/prebuilt/darwin-x86_64/lib/gcc/aarch64-linux-android/4.9.x]
  ignore line: [Selected GCC installation: /Users/lixiaoliang04/Library/Android/sdk/ndk/16.1.4479499/toolchains/aarch64-linux-android-4.9/prebuilt/darwin-x86_64/lib/gcc/aarch64-linux-android/4.9.x]
  ignore line: [Candidate multilib: .]
  ignore line: [@m64]
  ignore line: [Selected multilib: .]
  ignore line: [@m64]
  link line: [ "/Users/lixiaoliang04/Library/Android/sdk/ndk/16.1.4479499/toolchains/aarch64-linux-android-4.9/prebuilt/darwin-x86_64/lib/gcc/aarch64-linux-android/4.9.x/../../../../aarch64-linux-android/bin/ld" --sysroot=/Users/lixiaoliang04/Library/Android/sdk/ndk/16.1.4479499/platforms/android-21/arch-arm64 -pie --fix-cortex-a53-843419 --eh-frame-hdr -m aarch64linux -dynamic-linker /system/bin/linker64 -o cmTC_d271c /Users/lixiaoliang04/Library/Android/sdk/ndk/16.1.4479499/platforms/android-21/arch-arm64/usr/lib/crtbegin_dynamic.o -L/Users/lixiaoliang04/Library/Android/sdk/ndk/16.1.4479499/toolchains/llvm/prebuilt/darwin-x86_64/lib64/clang/5.0.300080/lib/linux/aarch64 -L/Users/lixiaoliang04/Library/Android/sdk/ndk/16.1.4479499/toolchains/aarch64-linux-android-4.9/prebuilt/darwin-x86_64/lib/gcc/aarch64-linux-android/4.9.x -L/Users/lixiaoliang04/Library/Android/sdk/ndk/16.1.4479499/toolchains/aarch64-linux-android-4.9/prebuilt/darwin-x86_64/lib/gcc/aarch64-linux-android/4.9.x/../../../../aarch64-linux-android/lib/../lib64 -L/Users/lixiaoliang04/Library/Android/sdk/ndk/16.1.4479499/toolchains/aarch64-linux-android-4.9/prebuilt/darwin-x86_64/lib/gcc/aarch64-linux-android/4.9.x/../../../../aarch64-linux-android/lib -L/Users/lixiaoliang04/Library/Android/sdk/ndk/16.1.4479499/platforms/android-21/arch-arm64/usr/lib --exclude-libs libgcc.a --exclude-libs libatomic.a --build-id --warn-shared-textrel --fatal-warnings --no-undefined -z noexecstack -z relro -z now --gc-sections -z nocopyreloc CMakeFiles/cmTC_d271c.dir/CMakeCXXCompilerABI.cpp.o -lstdc++ -lm -lgcc -lgcc -ldl -lc -lgcc -lgcc -ldl /Users/lixiaoliang04/Library/Android/sdk/ndk/16.1.4479499/platforms/android-21/arch-arm64/usr/lib/crtend_android.o]
    arg [/Users/lixiaoliang04/Library/Android/sdk/ndk/16.1.4479499/toolchains/aarch64-linux-android-4.9/prebuilt/darwin-x86_64/lib/gcc/aarch64-linux-android/4.9.x/../../../../aarch64-linux-android/bin/ld] ==> ignore
    arg [--sysroot=/Users/lixiaoliang04/Library/Android/sdk/ndk/16.1.4479499/platforms/android-21/arch-arm64] ==> ignore
    arg [-pie] ==> ignore
    arg [--fix-cortex-a53-843419] ==> ignore
    arg [--eh-frame-hdr] ==> ignore
    arg [-m] ==> ignore
    arg [aarch64linux] ==> ignore
    arg [-dynamic-linker] ==> ignore
    arg [/system/bin/linker64] ==> ignore
    arg [-o] ==> ignore
    arg [cmTC_d271c] ==> ignore
    arg [/Users/lixiaoliang04/Library/Android/sdk/ndk/16.1.4479499/platforms/android-21/arch-arm64/usr/lib/crtbegin_dynamic.o] ==> ignore
    arg [-L/Users/lixiaoliang04/Library/Android/sdk/ndk/16.1.4479499/toolchains/llvm/prebuilt/darwin-x86_64/lib64/clang/5.0.300080/lib/linux/aarch64] ==> dir [/Users/lixiaoliang04/Library/Android/sdk/ndk/16.1.4479499/toolchains/llvm/prebuilt/darwin-x86_64/lib64/clang/5.0.300080/lib/linux/aarch64]
    arg [-L/Users/lixiaoliang04/Library/Android/sdk/ndk/16.1.4479499/toolchains/aarch64-linux-android-4.9/prebuilt/darwin-x86_64/lib/gcc/aarch64-linux-android/4.9.x] ==> dir [/Users/lixiaoliang04/Library/Android/sdk/ndk/16.1.4479499/toolchains/aarch64-linux-android-4.9/prebuilt/darwin-x86_64/lib/gcc/aarch64-linux-android/4.9.x]
    arg [-L/Users/lixiaoliang04/Library/Android/sdk/ndk/16.1.4479499/toolchains/aarch64-linux-android-4.9/prebuilt/darwin-x86_64/lib/gcc/aarch64-linux-android/4.9.x/../../../../aarch64-linux-android/lib/../lib64] ==> dir [/Users/lixiaoliang04/Library/Android/sdk/ndk/16.1.4479499/toolchains/aarch64-linux-android-4.9/prebuilt/darwin-x86_64/lib/gcc/aarch64-linux-android/4.9.x/../../../../aarch64-linux-android/lib/../lib64]
    arg [-L/Users/lixiaoliang04/Library/Android/sdk/ndk/16.1.4479499/toolchains/aarch64-linux-android-4.9/prebuilt/darwin-x86_64/lib/gcc/aarch64-linux-android/4.9.x/../../../../aarch64-linux-android/lib] ==> dir [/Users/lixiaoliang04/Library/Android/sdk/ndk/16.1.4479499/toolchains/aarch64-linux-android-4.9/prebuilt/darwin-x86_64/lib/gcc/aarch64-linux-android/4.9.x/../../../../aarch64-linux-android/lib]
    arg [-L/Users/lixiaoliang04/Library/Android/sdk/ndk/16.1.4479499/platforms/android-21/arch-arm64/usr/lib] ==> dir [/Users/lixiaoliang04/Library/Android/sdk/ndk/16.1.4479499/platforms/android-21/arch-arm64/usr/lib]
    arg [--exclude-libs] ==> ignore
    arg [libgcc.a] ==> ignore
    arg [--exclude-libs] ==> ignore
    arg [libatomic.a] ==> ignore
    arg [--build-id] ==> ignore
    arg [--warn-shared-textrel] ==> ignore
    arg [--fatal-warnings] ==> ignore
    arg [--no-undefined] ==> ignore
    arg [-znoexecstack] ==> ignore
    arg [-zrelro] ==> ignore
    arg [-znow] ==> ignore
    arg [--gc-sections] ==> ignore
    arg [-znocopyreloc] ==> ignore
    arg [CMakeFiles/cmTC_d271c.dir/CMakeCXXCompilerABI.cpp.o] ==> ignore
    arg [-lstdc++] ==> lib [stdc++]
    arg [-lm] ==> lib [m]
    arg [-lgcc] ==> lib [gcc]
    arg [-lgcc] ==> lib [gcc]
    arg [-ldl] ==> lib [dl]
    arg [-lc] ==> lib [c]
    arg [-lgcc] ==> lib [gcc]
    arg [-lgcc] ==> lib [gcc]
    arg [-ldl] ==> lib [dl]
    arg [/Users/lixiaoliang04/Library/Android/sdk/ndk/16.1.4479499/platforms/android-21/arch-arm64/usr/lib/crtend_android.o] ==> ignore
  collapse library dir [/Users/lixiaoliang04/Library/Android/sdk/ndk/16.1.4479499/toolchains/llvm/prebuilt/darwin-x86_64/lib64/clang/5.0.300080/lib/linux/aarch64] ==> [/Users/lixiaoliang04/Library/Android/sdk/ndk/16.1.4479499/toolchains/llvm/prebuilt/darwin-x86_64/lib64/clang/5.0.300080/lib/linux/aarch64]
  collapse library dir [/Users/lixiaoliang04/Library/Android/sdk/ndk/16.1.4479499/toolchains/aarch64-linux-android-4.9/prebuilt/darwin-x86_64/lib/gcc/aarch64-linux-android/4.9.x] ==> [/Users/lixiaoliang04/Library/Android/sdk/ndk/16.1.4479499/toolchains/aarch64-linux-android-4.9/prebuilt/darwin-x86_64/lib/gcc/aarch64-linux-android/4.9.x]
  collapse library dir [/Users/lixiaoliang04/Library/Android/sdk/ndk/16.1.4479499/toolchains/aarch64-linux-android-4.9/prebuilt/darwin-x86_64/lib/gcc/aarch64-linux-android/4.9.x/../../../../aarch64-linux-android/lib/../lib64] ==> [/Users/lixiaoliang04/Library/Android/sdk/ndk/16.1.4479499/toolchains/aarch64-linux-android-4.9/prebuilt/darwin-x86_64/aarch64-linux-android/lib64]
  collapse library dir [/Users/lixiaoliang04/Library/Android/sdk/ndk/16.1.4479499/toolchains/aarch64-linux-android-4.9/prebuilt/darwin-x86_64/lib/gcc/aarch64-linux-android/4.9.x/../../../../aarch64-linux-android/lib] ==> [/Users/lixiaoliang04/Library/Android/sdk/ndk/16.1.4479499/toolchains/aarch64-linux-android-4.9/prebuilt/darwin-x86_64/aarch64-linux-android/lib]
  collapse library dir [/Users/lixiaoliang04/Library/Android/sdk/ndk/16.1.4479499/platforms/android-21/arch-arm64/usr/lib] ==> [/Users/lixiaoliang04/Library/Android/sdk/ndk/16.1.4479499/platforms/android-21/arch-arm64/usr/lib]
  implicit libs: [stdc++;m;gcc;gcc;dl;c;gcc;gcc;dl]
  implicit dirs: [/Users/lixiaoliang04/Library/Android/sdk/ndk/16.1.4479499/toolchains/llvm/prebuilt/darwin-x86_64/lib64/clang/5.0.300080/lib/linux/aarch64;/Users/lixiaoliang04/Library/Android/sdk/ndk/16.1.4479499/toolchains/aarch64-linux-android-4.9/prebuilt/darwin-x86_64/lib/gcc/aarch64-linux-android/4.9.x;/Users/lixiaoliang04/Library/Android/sdk/ndk/16.1.4479499/toolchains/aarch64-linux-android-4.9/prebuilt/darwin-x86_64/aarch64-linux-android/lib64;/Users/lixiaoliang04/Library/Android/sdk/ndk/16.1.4479499/toolchains/aarch64-linux-android-4.9/prebuilt/darwin-x86_64/aarch64-linux-android/lib;/Users/lixiaoliang04/Library/Android/sdk/ndk/16.1.4479499/platforms/android-21/arch-arm64/usr/lib]
  implicit fwks: []


