The target system is: Android - 1 - armv7-a
The host system is: Darwin - 21.6.0 - x86_64
Detecting C compiler ABI info compiled with the following output:
Change Dir: /Users/lixiaoliang04/work/blur-lib/blur/.cxx/Debug/5p3h2r6w/armeabi-v7a/CMakeFiles/CMakeTmp

Run Build Command(s):/Users/lixiaoliang04/Library/Android/sdk/cmake/3.18.1/bin/ninja cmTC_14295 && [1/2] Building C object CMakeFiles/cmTC_14295.dir/CMakeCCompilerABI.c.o
Android clang version 5.0.300080  (based on LLVM 5.0.300080)
Target: armv7-none-linux-android
Thread model: posix
InstalledDir: /Users/lixiaoliang04/Library/Android/sdk/ndk/16.1.4479499/toolchains/llvm/prebuilt/darwin-x86_64/bin
Found candidate GCC installation: /Users/lixiaoliang04/Library/Android/sdk/ndk/16.1.4479499/toolchains/arm-linux-androideabi-4.9/prebuilt/darwin-x86_64/lib/gcc/arm-linux-androideabi/4.9.x
Selected GCC installation: /Users/lixiaoliang04/Library/Android/sdk/ndk/16.1.4479499/toolchains/arm-linux-androideabi-4.9/prebuilt/darwin-x86_64/lib/gcc/arm-linux-androideabi/4.9.x
Candidate multilib: thumb;@thumb
Candidate multilib: armv7-a;@armv7
Candidate multilib: armv7-a/thumb;@armv7@thumb
Candidate multilib: .;
Selected multilib: armv7-a/thumb;@armv7@thumb
 "/Users/lixiaoliang04/Library/Android/sdk/ndk/16.1.4479499/toolchains/llvm/prebuilt/darwin-x86_64/bin/clang" -cc1 -triple thumbv7-none-linux-android -S -disable-free -disable-llvm-verifier -discard-value-names -main-file-name CMakeCCompilerABI.c -mrelocation-model pic -pic-level 1 -mthread-model posix -mdisable-fp-elim -fmath-errno -masm-verbose -no-integrated-as -mconstructor-aliases -munwind-tables -fuse-init-array -target-cpu cortex-a8 -target-feature +soft-float-abi -target-feature -fp-only-sp -target-feature +d16 -target-feature +vfp3 -target-feature -fp16 -target-feature -vfp4 -target-feature -fp-armv8 -target-feature -neon -target-feature -crypto -target-abi aapcs-linux -mfloat-abi soft -target-linker-version 2.24 -v -dwarf-column-info -debug-info-kind=limited -dwarf-version=4 -debugger-tuning=gdb -ffunction-sections -coverage-notes-file /Users/lixiaoliang04/work/blur-lib/blur/.cxx/Debug/5p3h2r6w/armeabi-v7a/CMakeFiles/CMakeTmp/CMakeFiles/cmTC_14295.dir/CMakeCCompilerABI.c.gcno -resource-dir /Users/lixiaoliang04/Library/Android/sdk/ndk/16.1.4479499/toolchains/llvm/prebuilt/darwin-x86_64/lib64/clang/5.0.300080 -dependency-file CMakeFiles/cmTC_14295.dir/CMakeCCompilerABI.c.o.d -sys-header-deps -MT CMakeFiles/cmTC_14295.dir/CMakeCCompilerABI.c.o -isystem /Users/lixiaoliang04/Library/Android/sdk/ndk/16.1.4479499/sysroot/usr/include/arm-linux-androideabi -D __ANDROID_API__=14 -D ANDROID -isysroot /Users/lixiaoliang04/Library/Android/sdk/ndk/16.1.4479499/sysroot -internal-isystem /Users/lixiaoliang04/Library/Android/sdk/ndk/16.1.4479499/sysroot/usr/local/include -internal-isystem /Users/lixiaoliang04/Library/Android/sdk/ndk/16.1.4479499/toolchains/llvm/prebuilt/darwin-x86_64/lib64/clang/5.0.300080/include -internal-externc-isystem /Users/lixiaoliang04/Library/Android/sdk/ndk/16.1.4479499/sysroot/include -internal-externc-isystem /Users/lixiaoliang04/Library/Android/sdk/ndk/16.1.4479499/sysroot/usr/include -Wformat -fno-dwarf-directory-asm -fdebug-compilation-dir /Users/lixiaoliang04/work/blur-lib/blur/.cxx/Debug/5p3h2r6w/armeabi-v7a/CMakeFiles/CMakeTmp -ferror-limit 19 -fmessage-length 0 -femulated-tls -stack-protector 2 -fallow-half-arguments-and-returns -fno-signed-char -fobjc-runtime=gcc -fdiagnostics-show-option -o /var/folders/0x/01d5w2n56_sfj4djdhgrvnj80000gp/T/CMakeCCompilerABI-78021d.s -x c /Users/lixiaoliang04/Library/Android/sdk/cmake/3.18.1/share/cmake-3.18/Modules/CMakeCCompilerABI.c
clang -cc1 version 5.0.300080 based upon LLVM 5.0.300080 default target x86_64-apple-darwin21.6.0
ignoring nonexistent directory "/Users/lixiaoliang04/Library/Android/sdk/ndk/16.1.4479499/sysroot/usr/local/include"
ignoring nonexistent directory "/Users/lixiaoliang04/Library/Android/sdk/ndk/16.1.4479499/sysroot/include"
#include "..." search starts here:
#include <...> search starts here:
 /Users/lixiaoliang04/Library/Android/sdk/ndk/16.1.4479499/sysroot/usr/include/arm-linux-androideabi
 /Users/lixiaoliang04/Library/Android/sdk/ndk/16.1.4479499/toolchains/llvm/prebuilt/darwin-x86_64/lib64/clang/5.0.300080/include
 /Users/lixiaoliang04/Library/Android/sdk/ndk/16.1.4479499/sysroot/usr/include
End of search list.
 "/Users/lixiaoliang04/Library/Android/sdk/ndk/16.1.4479499/toolchains/arm-linux-androideabi-4.9/prebuilt/darwin-x86_64/lib/gcc/arm-linux-androideabi/4.9.x/../../../../arm-linux-androideabi/bin/as" -mfpu=neon -mfloat-abi=softfp -march=armv7-a -mfpu=vfpv3-d16 --noexecstack -o CMakeFiles/cmTC_14295.dir/CMakeCCompilerABI.c.o /var/folders/0x/01d5w2n56_sfj4djdhgrvnj80000gp/T/CMakeCCompilerABI-78021d.s
[2/2] Linking C executable cmTC_14295
Android clang version 5.0.300080  (based on LLVM 5.0.300080)
Target: armv7-none-linux-android
Thread model: posix
InstalledDir: /Users/lixiaoliang04/Library/Android/sdk/ndk/16.1.4479499/toolchains/llvm/prebuilt/darwin-x86_64/bin
Found candidate GCC installation: /Users/lixiaoliang04/Library/Android/sdk/ndk/16.1.4479499/toolchains/arm-linux-androideabi-4.9/prebuilt/darwin-x86_64/lib/gcc/arm-linux-androideabi/4.9.x
Selected GCC installation: /Users/lixiaoliang04/Library/Android/sdk/ndk/16.1.4479499/toolchains/arm-linux-androideabi-4.9/prebuilt/darwin-x86_64/lib/gcc/arm-linux-androideabi/4.9.x
Candidate multilib: thumb;@thumb
Candidate multilib: armv7-a;@armv7
Candidate multilib: armv7-a/thumb;@armv7@thumb
Candidate multilib: .;
Selected multilib: armv7-a/thumb;@armv7@thumb
 "/Users/lixiaoliang04/Library/Android/sdk/ndk/16.1.4479499/toolchains/arm-linux-androideabi-4.9/prebuilt/darwin-x86_64/lib/gcc/arm-linux-androideabi/4.9.x/../../../../arm-linux-androideabi/bin/ld" --sysroot=/Users/lixiaoliang04/Library/Android/sdk/ndk/16.1.4479499/platforms/android-14/arch-arm -X --eh-frame-hdr -m armelf_linux_eabi -dynamic-linker /system/bin/linker -o cmTC_14295 /Users/lixiaoliang04/Library/Android/sdk/ndk/16.1.4479499/platforms/android-14/arch-arm/usr/lib/../lib/crtbegin_dynamic.o -L/Users/lixiaoliang04/Library/Android/sdk/ndk/16.1.4479499/toolchains/llvm/prebuilt/darwin-x86_64/lib64/clang/5.0.300080/lib/linux/arm -L/Users/lixiaoliang04/Library/Android/sdk/ndk/16.1.4479499/toolchains/arm-linux-androideabi-4.9/prebuilt/darwin-x86_64/lib/gcc/arm-linux-androideabi/4.9.x/armv7-a/thumb -L/Users/lixiaoliang04/Library/Android/sdk/ndk/16.1.4479499/toolchains/arm-linux-androideabi-4.9/prebuilt/darwin-x86_64/lib/gcc/arm-linux-androideabi/4.9.x/../../../../arm-linux-androideabi/lib/../lib/armv7-a/thumb -L/Users/lixiaoliang04/Library/Android/sdk/ndk/16.1.4479499/platforms/android-14/arch-arm/usr/lib/../lib -L/Users/lixiaoliang04/Library/Android/sdk/ndk/16.1.4479499/toolchains/arm-linux-androideabi-4.9/prebuilt/darwin-x86_64/lib/gcc/arm-linux-androideabi/4.9.x/../../../../arm-linux-androideabi/lib/armv7-a/thumb -L/Users/lixiaoliang04/Library/Android/sdk/ndk/16.1.4479499/platforms/android-14/arch-arm/usr/lib --exclude-libs libgcc.a --exclude-libs libatomic.a --build-id --warn-shared-textrel --fatal-warnings --fix-cortex-a8 --no-undefined -z noexecstack -z relro -z now --gc-sections -z nocopyreloc CMakeFiles/cmTC_14295.dir/CMakeCCompilerABI.c.o -lgcc -ldl -lc -lgcc -ldl /Users/lixiaoliang04/Library/Android/sdk/ndk/16.1.4479499/platforms/android-14/arch-arm/usr/lib/../lib/crtend_android.o



Parsed C implicit include dir info from above output: rv=done
  found start of include info
  found start of implicit include info
    add: [/Users/lixiaoliang04/Library/Android/sdk/ndk/16.1.4479499/sysroot/usr/include/arm-linux-androideabi]
    add: [/Users/lixiaoliang04/Library/Android/sdk/ndk/16.1.4479499/toolchains/llvm/prebuilt/darwin-x86_64/lib64/clang/5.0.300080/include]
    add: [/Users/lixiaoliang04/Library/Android/sdk/ndk/16.1.4479499/sysroot/usr/include]
  end of search list found
  collapse include dir [/Users/lixiaoliang04/Library/Android/sdk/ndk/16.1.4479499/sysroot/usr/include/arm-linux-androideabi] ==> [/Users/lixiaoliang04/Library/Android/sdk/ndk/16.1.4479499/sysroot/usr/include/arm-linux-androideabi]
  collapse include dir [/Users/lixiaoliang04/Library/Android/sdk/ndk/16.1.4479499/toolchains/llvm/prebuilt/darwin-x86_64/lib64/clang/5.0.300080/include] ==> [/Users/lixiaoliang04/Library/Android/sdk/ndk/16.1.4479499/toolchains/llvm/prebuilt/darwin-x86_64/lib64/clang/5.0.300080/include]
  collapse include dir [/Users/lixiaoliang04/Library/Android/sdk/ndk/16.1.4479499/sysroot/usr/include] ==> [/Users/lixiaoliang04/Library/Android/sdk/ndk/16.1.4479499/sysroot/usr/include]
  implicit include dirs: [/Users/lixiaoliang04/Library/Android/sdk/ndk/16.1.4479499/sysroot/usr/include/arm-linux-androideabi;/Users/lixiaoliang04/Library/Android/sdk/ndk/16.1.4479499/toolchains/llvm/prebuilt/darwin-x86_64/lib64/clang/5.0.300080/include;/Users/lixiaoliang04/Library/Android/sdk/ndk/16.1.4479499/sysroot/usr/include]


Parsed C implicit link information from above output:
  link line regex: [^( *|.*[/\])(arm-linux-androideabi-ld|CMAKE_LINK_STARTFILE-NOTFOUND|([^/\]+-)?ld|collect2)[^/\]*( |$)]
  ignore line: [Change Dir: /Users/lixiaoliang04/work/blur-lib/blur/.cxx/Debug/5p3h2r6w/armeabi-v7a/CMakeFiles/CMakeTmp]
  ignore line: []
  ignore line: [Run Build Command(s):/Users/lixiaoliang04/Library/Android/sdk/cmake/3.18.1/bin/ninja cmTC_14295 && [1/2] Building C object CMakeFiles/cmTC_14295.dir/CMakeCCompilerABI.c.o]
  ignore line: [Android clang version 5.0.300080  (based on LLVM 5.0.300080)]
  ignore line: [Target: armv7-none-linux-android]
  ignore line: [Thread model: posix]
  ignore line: [InstalledDir: /Users/lixiaoliang04/Library/Android/sdk/ndk/16.1.4479499/toolchains/llvm/prebuilt/darwin-x86_64/bin]
  ignore line: [Found candidate GCC installation: /Users/lixiaoliang04/Library/Android/sdk/ndk/16.1.4479499/toolchains/arm-linux-androideabi-4.9/prebuilt/darwin-x86_64/lib/gcc/arm-linux-androideabi/4.9.x]
  ignore line: [Selected GCC installation: /Users/lixiaoliang04/Library/Android/sdk/ndk/16.1.4479499/toolchains/arm-linux-androideabi-4.9/prebuilt/darwin-x86_64/lib/gcc/arm-linux-androideabi/4.9.x]
  ignore line: [Candidate multilib: thumb]
  ignore line: [@thumb]
  ignore line: [Candidate multilib: armv7-a]
  ignore line: [@armv7]
  ignore line: [Candidate multilib: armv7-a/thumb]
  ignore line: [@armv7@thumb]
  ignore line: [Candidate multilib: .]
  ignore line: []
  ignore line: [Selected multilib: armv7-a/thumb]
  ignore line: [@armv7@thumb]
  ignore line: [ "/Users/lixiaoliang04/Library/Android/sdk/ndk/16.1.4479499/toolchains/llvm/prebuilt/darwin-x86_64/bin/clang" -cc1 -triple thumbv7-none-linux-android -S -disable-free -disable-llvm-verifier -discard-value-names -main-file-name CMakeCCompilerABI.c -mrelocation-model pic -pic-level 1 -mthread-model posix -mdisable-fp-elim -fmath-errno -masm-verbose -no-integrated-as -mconstructor-aliases -munwind-tables -fuse-init-array -target-cpu cortex-a8 -target-feature +soft-float-abi -target-feature -fp-only-sp -target-feature +d16 -target-feature +vfp3 -target-feature -fp16 -target-feature -vfp4 -target-feature -fp-armv8 -target-feature -neon -target-feature -crypto -target-abi aapcs-linux -mfloat-abi soft -target-linker-version 2.24 -v -dwarf-column-info -debug-info-kind=limited -dwarf-version=4 -debugger-tuning=gdb -ffunction-sections -coverage-notes-file /Users/lixiaoliang04/work/blur-lib/blur/.cxx/Debug/5p3h2r6w/armeabi-v7a/CMakeFiles/CMakeTmp/CMakeFiles/cmTC_14295.dir/CMakeCCompilerABI.c.gcno -resource-dir /Users/lixiaoliang04/Library/Android/sdk/ndk/16.1.4479499/toolchains/llvm/prebuilt/darwin-x86_64/lib64/clang/5.0.300080 -dependency-file CMakeFiles/cmTC_14295.dir/CMakeCCompilerABI.c.o.d -sys-header-deps -MT CMakeFiles/cmTC_14295.dir/CMakeCCompilerABI.c.o -isystem /Users/lixiaoliang04/Library/Android/sdk/ndk/16.1.4479499/sysroot/usr/include/arm-linux-androideabi -D __ANDROID_API__=14 -D ANDROID -isysroot /Users/lixiaoliang04/Library/Android/sdk/ndk/16.1.4479499/sysroot -internal-isystem /Users/lixiaoliang04/Library/Android/sdk/ndk/16.1.4479499/sysroot/usr/local/include -internal-isystem /Users/lixiaoliang04/Library/Android/sdk/ndk/16.1.4479499/toolchains/llvm/prebuilt/darwin-x86_64/lib64/clang/5.0.300080/include -internal-externc-isystem /Users/lixiaoliang04/Library/Android/sdk/ndk/16.1.4479499/sysroot/include -internal-externc-isystem /Users/lixiaoliang04/Library/Android/sdk/ndk/16.1.4479499/sysroot/usr/include -Wformat -fno-dwarf-directory-asm -fdebug-compilation-dir /Users/lixiaoliang04/work/blur-lib/blur/.cxx/Debug/5p3h2r6w/armeabi-v7a/CMakeFiles/CMakeTmp -ferror-limit 19 -fmessage-length 0 -femulated-tls -stack-protector 2 -fallow-half-arguments-and-returns -fno-signed-char -fobjc-runtime=gcc -fdiagnostics-show-option -o /var/folders/0x/01d5w2n56_sfj4djdhgrvnj80000gp/T/CMakeCCompilerABI-78021d.s -x c /Users/lixiaoliang04/Library/Android/sdk/cmake/3.18.1/share/cmake-3.18/Modules/CMakeCCompilerABI.c]
  ignore line: [clang -cc1 version 5.0.300080 based upon LLVM 5.0.300080 default target x86_64-apple-darwin21.6.0]
  ignore line: [ignoring nonexistent directory "/Users/lixiaoliang04/Library/Android/sdk/ndk/16.1.4479499/sysroot/usr/local/include"]
  ignore line: [ignoring nonexistent directory "/Users/lixiaoliang04/Library/Android/sdk/ndk/16.1.4479499/sysroot/include"]
  ignore line: [#include "..." search starts here:]
  ignore line: [#include <...> search starts here:]
  ignore line: [ /Users/lixiaoliang04/Library/Android/sdk/ndk/16.1.4479499/sysroot/usr/include/arm-linux-androideabi]
  ignore line: [ /Users/lixiaoliang04/Library/Android/sdk/ndk/16.1.4479499/toolchains/llvm/prebuilt/darwin-x86_64/lib64/clang/5.0.300080/include]
  ignore line: [ /Users/lixiaoliang04/Library/Android/sdk/ndk/16.1.4479499/sysroot/usr/include]
  ignore line: [End of search list.]
  ignore line: [ "/Users/lixiaoliang04/Library/Android/sdk/ndk/16.1.4479499/toolchains/arm-linux-androideabi-4.9/prebuilt/darwin-x86_64/lib/gcc/arm-linux-androideabi/4.9.x/../../../../arm-linux-androideabi/bin/as" -mfpu=neon -mfloat-abi=softfp -march=armv7-a -mfpu=vfpv3-d16 --noexecstack -o CMakeFiles/cmTC_14295.dir/CMakeCCompilerABI.c.o /var/folders/0x/01d5w2n56_sfj4djdhgrvnj80000gp/T/CMakeCCompilerABI-78021d.s]
  ignore line: [[2/2] Linking C executable cmTC_14295]
  ignore line: [Android clang version 5.0.300080  (based on LLVM 5.0.300080)]
  ignore line: [Target: armv7-none-linux-android]
  ignore line: [Thread model: posix]
  ignore line: [InstalledDir: /Users/lixiaoliang04/Library/Android/sdk/ndk/16.1.4479499/toolchains/llvm/prebuilt/darwin-x86_64/bin]
  ignore line: [Found candidate GCC installation: /Users/lixiaoliang04/Library/Android/sdk/ndk/16.1.4479499/toolchains/arm-linux-androideabi-4.9/prebuilt/darwin-x86_64/lib/gcc/arm-linux-androideabi/4.9.x]
  ignore line: [Selected GCC installation: /Users/lixiaoliang04/Library/Android/sdk/ndk/16.1.4479499/toolchains/arm-linux-androideabi-4.9/prebuilt/darwin-x86_64/lib/gcc/arm-linux-androideabi/4.9.x]
  ignore line: [Candidate multilib: thumb]
  ignore line: [@thumb]
  ignore line: [Candidate multilib: armv7-a]
  ignore line: [@armv7]
  ignore line: [Candidate multilib: armv7-a/thumb]
  ignore line: [@armv7@thumb]
  ignore line: [Candidate multilib: .]
  ignore line: []
  ignore line: [Selected multilib: armv7-a/thumb]
  ignore line: [@armv7@thumb]
  link line: [ "/Users/lixiaoliang04/Library/Android/sdk/ndk/16.1.4479499/toolchains/arm-linux-androideabi-4.9/prebuilt/darwin-x86_64/lib/gcc/arm-linux-androideabi/4.9.x/../../../../arm-linux-androideabi/bin/ld" --sysroot=/Users/lixiaoliang04/Library/Android/sdk/ndk/16.1.4479499/platforms/android-14/arch-arm -X --eh-frame-hdr -m armelf_linux_eabi -dynamic-linker /system/bin/linker -o cmTC_14295 /Users/lixiaoliang04/Library/Android/sdk/ndk/16.1.4479499/platforms/android-14/arch-arm/usr/lib/../lib/crtbegin_dynamic.o -L/Users/lixiaoliang04/Library/Android/sdk/ndk/16.1.4479499/toolchains/llvm/prebuilt/darwin-x86_64/lib64/clang/5.0.300080/lib/linux/arm -L/Users/lixiaoliang04/Library/Android/sdk/ndk/16.1.4479499/toolchains/arm-linux-androideabi-4.9/prebuilt/darwin-x86_64/lib/gcc/arm-linux-androideabi/4.9.x/armv7-a/thumb -L/Users/lixiaoliang04/Library/Android/sdk/ndk/16.1.4479499/toolchains/arm-linux-androideabi-4.9/prebuilt/darwin-x86_64/lib/gcc/arm-linux-androideabi/4.9.x/../../../../arm-linux-androideabi/lib/../lib/armv7-a/thumb -L/Users/lixiaoliang04/Library/Android/sdk/ndk/16.1.4479499/platforms/android-14/arch-arm/usr/lib/../lib -L/Users/lixiaoliang04/Library/Android/sdk/ndk/16.1.4479499/toolchains/arm-linux-androideabi-4.9/prebuilt/darwin-x86_64/lib/gcc/arm-linux-androideabi/4.9.x/../../../../arm-linux-androideabi/lib/armv7-a/thumb -L/Users/lixiaoliang04/Library/Android/sdk/ndk/16.1.4479499/platforms/android-14/arch-arm/usr/lib --exclude-libs libgcc.a --exclude-libs libatomic.a --build-id --warn-shared-textrel --fatal-warnings --fix-cortex-a8 --no-undefined -z noexecstack -z relro -z now --gc-sections -z nocopyreloc CMakeFiles/cmTC_14295.dir/CMakeCCompilerABI.c.o -lgcc -ldl -lc -lgcc -ldl /Users/lixiaoliang04/Library/Android/sdk/ndk/16.1.4479499/platforms/android-14/arch-arm/usr/lib/../lib/crtend_android.o]
    arg [/Users/lixiaoliang04/Library/Android/sdk/ndk/16.1.4479499/toolchains/arm-linux-androideabi-4.9/prebuilt/darwin-x86_64/lib/gcc/arm-linux-androideabi/4.9.x/../../../../arm-linux-androideabi/bin/ld] ==> ignore
    arg [--sysroot=/Users/lixiaoliang04/Library/Android/sdk/ndk/16.1.4479499/platforms/android-14/arch-arm] ==> ignore
    arg [-X] ==> ignore
    arg [--eh-frame-hdr] ==> ignore
    arg [-m] ==> ignore
    arg [armelf_linux_eabi] ==> ignore
    arg [-dynamic-linker] ==> ignore
    arg [/system/bin/linker] ==> ignore
    arg [-o] ==> ignore
    arg [cmTC_14295] ==> ignore
    arg [/Users/lixiaoliang04/Library/Android/sdk/ndk/16.1.4479499/platforms/android-14/arch-arm/usr/lib/../lib/crtbegin_dynamic.o] ==> ignore
    arg [-L/Users/lixiaoliang04/Library/Android/sdk/ndk/16.1.4479499/toolchains/llvm/prebuilt/darwin-x86_64/lib64/clang/5.0.300080/lib/linux/arm] ==> dir [/Users/lixiaoliang04/Library/Android/sdk/ndk/16.1.4479499/toolchains/llvm/prebuilt/darwin-x86_64/lib64/clang/5.0.300080/lib/linux/arm]
    arg [-L/Users/lixiaoliang04/Library/Android/sdk/ndk/16.1.4479499/toolchains/arm-linux-androideabi-4.9/prebuilt/darwin-x86_64/lib/gcc/arm-linux-androideabi/4.9.x/armv7-a/thumb] ==> dir [/Users/lixiaoliang04/Library/Android/sdk/ndk/16.1.4479499/toolchains/arm-linux-androideabi-4.9/prebuilt/darwin-x86_64/lib/gcc/arm-linux-androideabi/4.9.x/armv7-a/thumb]
    arg [-L/Users/lixiaoliang04/Library/Android/sdk/ndk/16.1.4479499/toolchains/arm-linux-androideabi-4.9/prebuilt/darwin-x86_64/lib/gcc/arm-linux-androideabi/4.9.x/../../../../arm-linux-androideabi/lib/../lib/armv7-a/thumb] ==> dir [/Users/lixiaoliang04/Library/Android/sdk/ndk/16.1.4479499/toolchains/arm-linux-androideabi-4.9/prebuilt/darwin-x86_64/lib/gcc/arm-linux-androideabi/4.9.x/../../../../arm-linux-androideabi/lib/../lib/armv7-a/thumb]
    arg [-L/Users/lixiaoliang04/Library/Android/sdk/ndk/16.1.4479499/platforms/android-14/arch-arm/usr/lib/../lib] ==> dir [/Users/lixiaoliang04/Library/Android/sdk/ndk/16.1.4479499/platforms/android-14/arch-arm/usr/lib/../lib]
    arg [-L/Users/lixiaoliang04/Library/Android/sdk/ndk/16.1.4479499/toolchains/arm-linux-androideabi-4.9/prebuilt/darwin-x86_64/lib/gcc/arm-linux-androideabi/4.9.x/../../../../arm-linux-androideabi/lib/armv7-a/thumb] ==> dir [/Users/lixiaoliang04/Library/Android/sdk/ndk/16.1.4479499/toolchains/arm-linux-androideabi-4.9/prebuilt/darwin-x86_64/lib/gcc/arm-linux-androideabi/4.9.x/../../../../arm-linux-androideabi/lib/armv7-a/thumb]
    arg [-L/Users/lixiaoliang04/Library/Android/sdk/ndk/16.1.4479499/platforms/android-14/arch-arm/usr/lib] ==> dir [/Users/lixiaoliang04/Library/Android/sdk/ndk/16.1.4479499/platforms/android-14/arch-arm/usr/lib]
    arg [--exclude-libs] ==> ignore
    arg [libgcc.a] ==> ignore
    arg [--exclude-libs] ==> ignore
    arg [libatomic.a] ==> ignore
    arg [--build-id] ==> ignore
    arg [--warn-shared-textrel] ==> ignore
    arg [--fatal-warnings] ==> ignore
    arg [--fix-cortex-a8] ==> ignore
    arg [--no-undefined] ==> ignore
    arg [-znoexecstack] ==> ignore
    arg [-zrelro] ==> ignore
    arg [-znow] ==> ignore
    arg [--gc-sections] ==> ignore
    arg [-znocopyreloc] ==> ignore
    arg [CMakeFiles/cmTC_14295.dir/CMakeCCompilerABI.c.o] ==> ignore
    arg [-lgcc] ==> lib [gcc]
    arg [-ldl] ==> lib [dl]
    arg [-lc] ==> lib [c]
    arg [-lgcc] ==> lib [gcc]
    arg [-ldl] ==> lib [dl]
    arg [/Users/lixiaoliang04/Library/Android/sdk/ndk/16.1.4479499/platforms/android-14/arch-arm/usr/lib/../lib/crtend_android.o] ==> ignore
  collapse library dir [/Users/lixiaoliang04/Library/Android/sdk/ndk/16.1.4479499/toolchains/llvm/prebuilt/darwin-x86_64/lib64/clang/5.0.300080/lib/linux/arm] ==> [/Users/lixiaoliang04/Library/Android/sdk/ndk/16.1.4479499/toolchains/llvm/prebuilt/darwin-x86_64/lib64/clang/5.0.300080/lib/linux/arm]
  collapse library dir [/Users/lixiaoliang04/Library/Android/sdk/ndk/16.1.4479499/toolchains/arm-linux-androideabi-4.9/prebuilt/darwin-x86_64/lib/gcc/arm-linux-androideabi/4.9.x/armv7-a/thumb] ==> [/Users/lixiaoliang04/Library/Android/sdk/ndk/16.1.4479499/toolchains/arm-linux-androideabi-4.9/prebuilt/darwin-x86_64/lib/gcc/arm-linux-androideabi/4.9.x/armv7-a/thumb]
  collapse library dir [/Users/lixiaoliang04/Library/Android/sdk/ndk/16.1.4479499/toolchains/arm-linux-androideabi-4.9/prebuilt/darwin-x86_64/lib/gcc/arm-linux-androideabi/4.9.x/../../../../arm-linux-androideabi/lib/../lib/armv7-a/thumb] ==> [/Users/lixiaoliang04/Library/Android/sdk/ndk/16.1.4479499/toolchains/arm-linux-androideabi-4.9/prebuilt/darwin-x86_64/arm-linux-androideabi/lib/armv7-a/thumb]
  collapse library dir [/Users/lixiaoliang04/Library/Android/sdk/ndk/16.1.4479499/platforms/android-14/arch-arm/usr/lib/../lib] ==> [/Users/lixiaoliang04/Library/Android/sdk/ndk/16.1.4479499/platforms/android-14/arch-arm/usr/lib]
  collapse library dir [/Users/lixiaoliang04/Library/Android/sdk/ndk/16.1.4479499/toolchains/arm-linux-androideabi-4.9/prebuilt/darwin-x86_64/lib/gcc/arm-linux-androideabi/4.9.x/../../../../arm-linux-androideabi/lib/armv7-a/thumb] ==> [/Users/lixiaoliang04/Library/Android/sdk/ndk/16.1.4479499/toolchains/arm-linux-androideabi-4.9/prebuilt/darwin-x86_64/arm-linux-androideabi/lib/armv7-a/thumb]
  collapse library dir [/Users/lixiaoliang04/Library/Android/sdk/ndk/16.1.4479499/platforms/android-14/arch-arm/usr/lib] ==> [/Users/lixiaoliang04/Library/Android/sdk/ndk/16.1.4479499/platforms/android-14/arch-arm/usr/lib]
  implicit libs: [gcc;dl;c;gcc;dl]
  implicit dirs: [/Users/lixiaoliang04/Library/Android/sdk/ndk/16.1.4479499/toolchains/llvm/prebuilt/darwin-x86_64/lib64/clang/5.0.300080/lib/linux/arm;/Users/lixiaoliang04/Library/Android/sdk/ndk/16.1.4479499/toolchains/arm-linux-androideabi-4.9/prebuilt/darwin-x86_64/lib/gcc/arm-linux-androideabi/4.9.x/armv7-a/thumb;/Users/lixiaoliang04/Library/Android/sdk/ndk/16.1.4479499/toolchains/arm-linux-androideabi-4.9/prebuilt/darwin-x86_64/arm-linux-androideabi/lib/armv7-a/thumb;/Users/lixiaoliang04/Library/Android/sdk/ndk/16.1.4479499/platforms/android-14/arch-arm/usr/lib]
  implicit fwks: []


Detecting CXX compiler ABI info compiled with the following output:
Change Dir: /Users/lixiaoliang04/work/blur-lib/blur/.cxx/Debug/5p3h2r6w/armeabi-v7a/CMakeFiles/CMakeTmp

Run Build Command(s):/Users/lixiaoliang04/Library/Android/sdk/cmake/3.18.1/bin/ninja cmTC_fb6f5 && [1/2] Building CXX object CMakeFiles/cmTC_fb6f5.dir/CMakeCXXCompilerABI.cpp.o
Android clang version 5.0.300080  (based on LLVM 5.0.300080)
Target: armv7-none-linux-android
Thread model: posix
InstalledDir: /Users/lixiaoliang04/Library/Android/sdk/ndk/16.1.4479499/toolchains/llvm/prebuilt/darwin-x86_64/bin
Found candidate GCC installation: /Users/lixiaoliang04/Library/Android/sdk/ndk/16.1.4479499/toolchains/arm-linux-androideabi-4.9/prebuilt/darwin-x86_64/lib/gcc/arm-linux-androideabi/4.9.x
Selected GCC installation: /Users/lixiaoliang04/Library/Android/sdk/ndk/16.1.4479499/toolchains/arm-linux-androideabi-4.9/prebuilt/darwin-x86_64/lib/gcc/arm-linux-androideabi/4.9.x
Candidate multilib: thumb;@thumb
Candidate multilib: armv7-a;@armv7
Candidate multilib: armv7-a/thumb;@armv7@thumb
Candidate multilib: .;
Selected multilib: armv7-a/thumb;@armv7@thumb
 "/Users/lixiaoliang04/Library/Android/sdk/ndk/16.1.4479499/toolchains/llvm/prebuilt/darwin-x86_64/bin/clang++" -cc1 -triple thumbv7-none-linux-android -S -disable-free -disable-llvm-verifier -discard-value-names -main-file-name CMakeCXXCompilerABI.cpp -mrelocation-model pic -pic-level 1 -mthread-model posix -mdisable-fp-elim -fmath-errno -masm-verbose -no-integrated-as -mconstructor-aliases -munwind-tables -fuse-init-array -target-cpu cortex-a8 -target-feature +soft-float-abi -target-feature -fp-only-sp -target-feature +d16 -target-feature +vfp3 -target-feature -fp16 -target-feature -vfp4 -target-feature -fp-armv8 -target-feature -neon -target-feature -crypto -target-abi aapcs-linux -mfloat-abi soft -target-linker-version 2.24 -v -dwarf-column-info -debug-info-kind=limited -dwarf-version=4 -debugger-tuning=gdb -ffunction-sections -coverage-notes-file /Users/lixiaoliang04/work/blur-lib/blur/.cxx/Debug/5p3h2r6w/armeabi-v7a/CMakeFiles/CMakeTmp/CMakeFiles/cmTC_fb6f5.dir/CMakeCXXCompilerABI.cpp.gcno -resource-dir /Users/lixiaoliang04/Library/Android/sdk/ndk/16.1.4479499/toolchains/llvm/prebuilt/darwin-x86_64/lib64/clang/5.0.300080 -dependency-file CMakeFiles/cmTC_fb6f5.dir/CMakeCXXCompilerABI.cpp.o.d -sys-header-deps -MT CMakeFiles/cmTC_fb6f5.dir/CMakeCXXCompilerABI.cpp.o -isystem /Users/lixiaoliang04/Library/Android/sdk/ndk/16.1.4479499/sources/cxx-stl/gnu-libstdc++/4.9/include -isystem /Users/lixiaoliang04/Library/Android/sdk/ndk/16.1.4479499/sources/cxx-stl/gnu-libstdc++/4.9/libs/armeabi-v7a/include -isystem /Users/lixiaoliang04/Library/Android/sdk/ndk/16.1.4479499/sources/cxx-stl/gnu-libstdc++/4.9/include/backward -isystem /Users/lixiaoliang04/Library/Android/sdk/ndk/16.1.4479499/sysroot/usr/include/arm-linux-androideabi -D __ANDROID_API__=14 -D ANDROID -isysroot /Users/lixiaoliang04/Library/Android/sdk/ndk/16.1.4479499/sysroot -internal-isystem /Users/lixiaoliang04/Library/Android/sdk/ndk/16.1.4479499/sysroot/usr/local/include -internal-isystem /Users/lixiaoliang04/Library/Android/sdk/ndk/16.1.4479499/toolchains/llvm/prebuilt/darwin-x86_64/lib64/clang/5.0.300080/include -internal-externc-isystem /Users/lixiaoliang04/Library/Android/sdk/ndk/16.1.4479499/sysroot/include -internal-externc-isystem /Users/lixiaoliang04/Library/Android/sdk/ndk/16.1.4479499/sysroot/usr/include -Wformat -fdeprecated-macro -fno-dwarf-directory-asm -fdebug-compilation-dir /Users/lixiaoliang04/work/blur-lib/blur/.cxx/Debug/5p3h2r6w/armeabi-v7a/CMakeFiles/CMakeTmp -ferror-limit 19 -fmessage-length 0 -femulated-tls -stack-protector 2 -fallow-half-arguments-and-returns -fno-signed-char -fobjc-runtime=gcc -fcxx-exceptions -fexceptions -fdiagnostics-show-option -o /var/folders/0x/01d5w2n56_sfj4djdhgrvnj80000gp/T/CMakeCXXCompilerABI-d1cbc7.s -x c++ /Users/lixiaoliang04/Library/Android/sdk/cmake/3.18.1/share/cmake-3.18/Modules/CMakeCXXCompilerABI.cpp
clang -cc1 version 5.0.300080 based upon LLVM 5.0.300080 default target x86_64-apple-darwin21.6.0
ignoring nonexistent directory "/Users/lixiaoliang04/Library/Android/sdk/ndk/16.1.4479499/sysroot/usr/local/include"
ignoring nonexistent directory "/Users/lixiaoliang04/Library/Android/sdk/ndk/16.1.4479499/sysroot/include"
#include "..." search starts here:
#include <...> search starts here:
 /Users/lixiaoliang04/Library/Android/sdk/ndk/16.1.4479499/sources/cxx-stl/gnu-libstdc++/4.9/include
 /Users/lixiaoliang04/Library/Android/sdk/ndk/16.1.4479499/sources/cxx-stl/gnu-libstdc++/4.9/libs/armeabi-v7a/include
 /Users/lixiaoliang04/Library/Android/sdk/ndk/16.1.4479499/sources/cxx-stl/gnu-libstdc++/4.9/include/backward
 /Users/lixiaoliang04/Library/Android/sdk/ndk/16.1.4479499/sysroot/usr/include/arm-linux-androideabi
 /Users/lixiaoliang04/Library/Android/sdk/ndk/16.1.4479499/toolchains/llvm/prebuilt/darwin-x86_64/lib64/clang/5.0.300080/include
 /Users/lixiaoliang04/Library/Android/sdk/ndk/16.1.4479499/sysroot/usr/include
End of search list.
 "/Users/lixiaoliang04/Library/Android/sdk/ndk/16.1.4479499/toolchains/arm-linux-androideabi-4.9/prebuilt/darwin-x86_64/lib/gcc/arm-linux-androideabi/4.9.x/../../../../arm-linux-androideabi/bin/as" -mfpu=neon -mfloat-abi=softfp -march=armv7-a -mfpu=vfpv3-d16 --noexecstack -o CMakeFiles/cmTC_fb6f5.dir/CMakeCXXCompilerABI.cpp.o /var/folders/0x/01d5w2n56_sfj4djdhgrvnj80000gp/T/CMakeCXXCompilerABI-d1cbc7.s
[2/2] Linking CXX executable cmTC_fb6f5
Android clang version 5.0.300080  (based on LLVM 5.0.300080)
Target: armv7-none-linux-android
Thread model: posix
InstalledDir: /Users/lixiaoliang04/Library/Android/sdk/ndk/16.1.4479499/toolchains/llvm/prebuilt/darwin-x86_64/bin
Found candidate GCC installation: /Users/lixiaoliang04/Library/Android/sdk/ndk/16.1.4479499/toolchains/arm-linux-androideabi-4.9/prebuilt/darwin-x86_64/lib/gcc/arm-linux-androideabi/4.9.x
Selected GCC installation: /Users/lixiaoliang04/Library/Android/sdk/ndk/16.1.4479499/toolchains/arm-linux-androideabi-4.9/prebuilt/darwin-x86_64/lib/gcc/arm-linux-androideabi/4.9.x
Candidate multilib: thumb;@thumb
Candidate multilib: armv7-a;@armv7
Candidate multilib: armv7-a/thumb;@armv7@thumb
Candidate multilib: .;
Selected multilib: armv7-a/thumb;@armv7@thumb
 "/Users/lixiaoliang04/Library/Android/sdk/ndk/16.1.4479499/toolchains/arm-linux-androideabi-4.9/prebuilt/darwin-x86_64/lib/gcc/arm-linux-androideabi/4.9.x/../../../../arm-linux-androideabi/bin/ld" --sysroot=/Users/lixiaoliang04/Library/Android/sdk/ndk/16.1.4479499/platforms/android-14/arch-arm -X --eh-frame-hdr -m armelf_linux_eabi -dynamic-linker /system/bin/linker -o cmTC_fb6f5 /Users/lixiaoliang04/Library/Android/sdk/ndk/16.1.4479499/platforms/android-14/arch-arm/usr/lib/../lib/crtbegin_dynamic.o -L/Users/lixiaoliang04/Library/Android/sdk/ndk/16.1.4479499/toolchains/llvm/prebuilt/darwin-x86_64/lib64/clang/5.0.300080/lib/linux/arm -L/Users/lixiaoliang04/Library/Android/sdk/ndk/16.1.4479499/toolchains/arm-linux-androideabi-4.9/prebuilt/darwin-x86_64/lib/gcc/arm-linux-androideabi/4.9.x/armv7-a/thumb -L/Users/lixiaoliang04/Library/Android/sdk/ndk/16.1.4479499/toolchains/arm-linux-androideabi-4.9/prebuilt/darwin-x86_64/lib/gcc/arm-linux-androideabi/4.9.x/../../../../arm-linux-androideabi/lib/../lib/armv7-a/thumb -L/Users/lixiaoliang04/Library/Android/sdk/ndk/16.1.4479499/platforms/android-14/arch-arm/usr/lib/../lib -L/Users/lixiaoliang04/Library/Android/sdk/ndk/16.1.4479499/toolchains/arm-linux-androideabi-4.9/prebuilt/darwin-x86_64/lib/gcc/arm-linux-androideabi/4.9.x/../../../../arm-linux-androideabi/lib/armv7-a/thumb -L/Users/lixiaoliang04/Library/Android/sdk/ndk/16.1.4479499/platforms/android-14/arch-arm/usr/lib --exclude-libs libgcc.a --exclude-libs libatomic.a --build-id --warn-shared-textrel --fatal-warnings --fix-cortex-a8 --no-undefined -z noexecstack -z relro -z now --gc-sections -z nocopyreloc CMakeFiles/cmTC_fb6f5.dir/CMakeCXXCompilerABI.cpp.o -lstdc++ -lm -lgcc -lgcc -ldl -lc -lgcc -lgcc -ldl /Users/lixiaoliang04/Library/Android/sdk/ndk/16.1.4479499/platforms/android-14/arch-arm/usr/lib/../lib/crtend_android.o



Parsed CXX implicit include dir info from above output: rv=done
  found start of include info
  found start of implicit include info
    add: [/Users/lixiaoliang04/Library/Android/sdk/ndk/16.1.4479499/sources/cxx-stl/gnu-libstdc++/4.9/include]
    add: [/Users/lixiaoliang04/Library/Android/sdk/ndk/16.1.4479499/sources/cxx-stl/gnu-libstdc++/4.9/libs/armeabi-v7a/include]
    add: [/Users/lixiaoliang04/Library/Android/sdk/ndk/16.1.4479499/sources/cxx-stl/gnu-libstdc++/4.9/include/backward]
    add: [/Users/lixiaoliang04/Library/Android/sdk/ndk/16.1.4479499/sysroot/usr/include/arm-linux-androideabi]
    add: [/Users/lixiaoliang04/Library/Android/sdk/ndk/16.1.4479499/toolchains/llvm/prebuilt/darwin-x86_64/lib64/clang/5.0.300080/include]
    add: [/Users/lixiaoliang04/Library/Android/sdk/ndk/16.1.4479499/sysroot/usr/include]
  end of search list found
  collapse include dir [/Users/lixiaoliang04/Library/Android/sdk/ndk/16.1.4479499/sources/cxx-stl/gnu-libstdc++/4.9/include] ==> [/Users/lixiaoliang04/Library/Android/sdk/ndk/16.1.4479499/sources/cxx-stl/gnu-libstdc++/4.9/include]
  collapse include dir [/Users/lixiaoliang04/Library/Android/sdk/ndk/16.1.4479499/sources/cxx-stl/gnu-libstdc++/4.9/libs/armeabi-v7a/include] ==> [/Users/lixiaoliang04/Library/Android/sdk/ndk/16.1.4479499/sources/cxx-stl/gnu-libstdc++/4.9/libs/armeabi-v7a/include]
  collapse include dir [/Users/lixiaoliang04/Library/Android/sdk/ndk/16.1.4479499/sources/cxx-stl/gnu-libstdc++/4.9/include/backward] ==> [/Users/lixiaoliang04/Library/Android/sdk/ndk/16.1.4479499/sources/cxx-stl/gnu-libstdc++/4.9/include/backward]
  collapse include dir [/Users/lixiaoliang04/Library/Android/sdk/ndk/16.1.4479499/sysroot/usr/include/arm-linux-androideabi] ==> [/Users/lixiaoliang04/Library/Android/sdk/ndk/16.1.4479499/sysroot/usr/include/arm-linux-androideabi]
  collapse include dir [/Users/lixiaoliang04/Library/Android/sdk/ndk/16.1.4479499/toolchains/llvm/prebuilt/darwin-x86_64/lib64/clang/5.0.300080/include] ==> [/Users/lixiaoliang04/Library/Android/sdk/ndk/16.1.4479499/toolchains/llvm/prebuilt/darwin-x86_64/lib64/clang/5.0.300080/include]
  collapse include dir [/Users/lixiaoliang04/Library/Android/sdk/ndk/16.1.4479499/sysroot/usr/include] ==> [/Users/lixiaoliang04/Library/Android/sdk/ndk/16.1.4479499/sysroot/usr/include]
  implicit include dirs: [/Users/lixiaoliang04/Library/Android/sdk/ndk/16.1.4479499/sources/cxx-stl/gnu-libstdc++/4.9/include;/Users/lixiaoliang04/Library/Android/sdk/ndk/16.1.4479499/sources/cxx-stl/gnu-libstdc++/4.9/libs/armeabi-v7a/include;/Users/lixiaoliang04/Library/Android/sdk/ndk/16.1.4479499/sources/cxx-stl/gnu-libstdc++/4.9/include/backward;/Users/lixiaoliang04/Library/Android/sdk/ndk/16.1.4479499/sysroot/usr/include/arm-linux-androideabi;/Users/lixiaoliang04/Library/Android/sdk/ndk/16.1.4479499/toolchains/llvm/prebuilt/darwin-x86_64/lib64/clang/5.0.300080/include;/Users/lixiaoliang04/Library/Android/sdk/ndk/16.1.4479499/sysroot/usr/include]


Parsed CXX implicit link information from above output:
  link line regex: [^( *|.*[/\])(arm-linux-androideabi-ld|CMAKE_LINK_STARTFILE-NOTFOUND|([^/\]+-)?ld|collect2)[^/\]*( |$)]
  ignore line: [Change Dir: /Users/lixiaoliang04/work/blur-lib/blur/.cxx/Debug/5p3h2r6w/armeabi-v7a/CMakeFiles/CMakeTmp]
  ignore line: []
  ignore line: [Run Build Command(s):/Users/lixiaoliang04/Library/Android/sdk/cmake/3.18.1/bin/ninja cmTC_fb6f5 && [1/2] Building CXX object CMakeFiles/cmTC_fb6f5.dir/CMakeCXXCompilerABI.cpp.o]
  ignore line: [Android clang version 5.0.300080  (based on LLVM 5.0.300080)]
  ignore line: [Target: armv7-none-linux-android]
  ignore line: [Thread model: posix]
  ignore line: [InstalledDir: /Users/lixiaoliang04/Library/Android/sdk/ndk/16.1.4479499/toolchains/llvm/prebuilt/darwin-x86_64/bin]
  ignore line: [Found candidate GCC installation: /Users/lixiaoliang04/Library/Android/sdk/ndk/16.1.4479499/toolchains/arm-linux-androideabi-4.9/prebuilt/darwin-x86_64/lib/gcc/arm-linux-androideabi/4.9.x]
  ignore line: [Selected GCC installation: /Users/lixiaoliang04/Library/Android/sdk/ndk/16.1.4479499/toolchains/arm-linux-androideabi-4.9/prebuilt/darwin-x86_64/lib/gcc/arm-linux-androideabi/4.9.x]
  ignore line: [Candidate multilib: thumb]
  ignore line: [@thumb]
  ignore line: [Candidate multilib: armv7-a]
  ignore line: [@armv7]
  ignore line: [Candidate multilib: armv7-a/thumb]
  ignore line: [@armv7@thumb]
  ignore line: [Candidate multilib: .]
  ignore line: []
  ignore line: [Selected multilib: armv7-a/thumb]
  ignore line: [@armv7@thumb]
  ignore line: [ "/Users/lixiaoliang04/Library/Android/sdk/ndk/16.1.4479499/toolchains/llvm/prebuilt/darwin-x86_64/bin/clang++" -cc1 -triple thumbv7-none-linux-android -S -disable-free -disable-llvm-verifier -discard-value-names -main-file-name CMakeCXXCompilerABI.cpp -mrelocation-model pic -pic-level 1 -mthread-model posix -mdisable-fp-elim -fmath-errno -masm-verbose -no-integrated-as -mconstructor-aliases -munwind-tables -fuse-init-array -target-cpu cortex-a8 -target-feature +soft-float-abi -target-feature -fp-only-sp -target-feature +d16 -target-feature +vfp3 -target-feature -fp16 -target-feature -vfp4 -target-feature -fp-armv8 -target-feature -neon -target-feature -crypto -target-abi aapcs-linux -mfloat-abi soft -target-linker-version 2.24 -v -dwarf-column-info -debug-info-kind=limited -dwarf-version=4 -debugger-tuning=gdb -ffunction-sections -coverage-notes-file /Users/lixiaoliang04/work/blur-lib/blur/.cxx/Debug/5p3h2r6w/armeabi-v7a/CMakeFiles/CMakeTmp/CMakeFiles/cmTC_fb6f5.dir/CMakeCXXCompilerABI.cpp.gcno -resource-dir /Users/lixiaoliang04/Library/Android/sdk/ndk/16.1.4479499/toolchains/llvm/prebuilt/darwin-x86_64/lib64/clang/5.0.300080 -dependency-file CMakeFiles/cmTC_fb6f5.dir/CMakeCXXCompilerABI.cpp.o.d -sys-header-deps -MT CMakeFiles/cmTC_fb6f5.dir/CMakeCXXCompilerABI.cpp.o -isystem /Users/lixiaoliang04/Library/Android/sdk/ndk/16.1.4479499/sources/cxx-stl/gnu-libstdc++/4.9/include -isystem /Users/lixiaoliang04/Library/Android/sdk/ndk/16.1.4479499/sources/cxx-stl/gnu-libstdc++/4.9/libs/armeabi-v7a/include -isystem /Users/lixiaoliang04/Library/Android/sdk/ndk/16.1.4479499/sources/cxx-stl/gnu-libstdc++/4.9/include/backward -isystem /Users/lixiaoliang04/Library/Android/sdk/ndk/16.1.4479499/sysroot/usr/include/arm-linux-androideabi -D __ANDROID_API__=14 -D ANDROID -isysroot /Users/lixiaoliang04/Library/Android/sdk/ndk/16.1.4479499/sysroot -internal-isystem /Users/lixiaoliang04/Library/Android/sdk/ndk/16.1.4479499/sysroot/usr/local/include -internal-isystem /Users/lixiaoliang04/Library/Android/sdk/ndk/16.1.4479499/toolchains/llvm/prebuilt/darwin-x86_64/lib64/clang/5.0.300080/include -internal-externc-isystem /Users/lixiaoliang04/Library/Android/sdk/ndk/16.1.4479499/sysroot/include -internal-externc-isystem /Users/lixiaoliang04/Library/Android/sdk/ndk/16.1.4479499/sysroot/usr/include -Wformat -fdeprecated-macro -fno-dwarf-directory-asm -fdebug-compilation-dir /Users/lixiaoliang04/work/blur-lib/blur/.cxx/Debug/5p3h2r6w/armeabi-v7a/CMakeFiles/CMakeTmp -ferror-limit 19 -fmessage-length 0 -femulated-tls -stack-protector 2 -fallow-half-arguments-and-returns -fno-signed-char -fobjc-runtime=gcc -fcxx-exceptions -fexceptions -fdiagnostics-show-option -o /var/folders/0x/01d5w2n56_sfj4djdhgrvnj80000gp/T/CMakeCXXCompilerABI-d1cbc7.s -x c++ /Users/lixiaoliang04/Library/Android/sdk/cmake/3.18.1/share/cmake-3.18/Modules/CMakeCXXCompilerABI.cpp]
  ignore line: [clang -cc1 version 5.0.300080 based upon LLVM 5.0.300080 default target x86_64-apple-darwin21.6.0]
  ignore line: [ignoring nonexistent directory "/Users/lixiaoliang04/Library/Android/sdk/ndk/16.1.4479499/sysroot/usr/local/include"]
  ignore line: [ignoring nonexistent directory "/Users/lixiaoliang04/Library/Android/sdk/ndk/16.1.4479499/sysroot/include"]
  ignore line: [#include "..." search starts here:]
  ignore line: [#include <...> search starts here:]
  ignore line: [ /Users/lixiaoliang04/Library/Android/sdk/ndk/16.1.4479499/sources/cxx-stl/gnu-libstdc++/4.9/include]
  ignore line: [ /Users/lixiaoliang04/Library/Android/sdk/ndk/16.1.4479499/sources/cxx-stl/gnu-libstdc++/4.9/libs/armeabi-v7a/include]
  ignore line: [ /Users/lixiaoliang04/Library/Android/sdk/ndk/16.1.4479499/sources/cxx-stl/gnu-libstdc++/4.9/include/backward]
  ignore line: [ /Users/lixiaoliang04/Library/Android/sdk/ndk/16.1.4479499/sysroot/usr/include/arm-linux-androideabi]
  ignore line: [ /Users/lixiaoliang04/Library/Android/sdk/ndk/16.1.4479499/toolchains/llvm/prebuilt/darwin-x86_64/lib64/clang/5.0.300080/include]
  ignore line: [ /Users/lixiaoliang04/Library/Android/sdk/ndk/16.1.4479499/sysroot/usr/include]
  ignore line: [End of search list.]
  ignore line: [ "/Users/lixiaoliang04/Library/Android/sdk/ndk/16.1.4479499/toolchains/arm-linux-androideabi-4.9/prebuilt/darwin-x86_64/lib/gcc/arm-linux-androideabi/4.9.x/../../../../arm-linux-androideabi/bin/as" -mfpu=neon -mfloat-abi=softfp -march=armv7-a -mfpu=vfpv3-d16 --noexecstack -o CMakeFiles/cmTC_fb6f5.dir/CMakeCXXCompilerABI.cpp.o /var/folders/0x/01d5w2n56_sfj4djdhgrvnj80000gp/T/CMakeCXXCompilerABI-d1cbc7.s]
  ignore line: [[2/2] Linking CXX executable cmTC_fb6f5]
  ignore line: [Android clang version 5.0.300080  (based on LLVM 5.0.300080)]
  ignore line: [Target: armv7-none-linux-android]
  ignore line: [Thread model: posix]
  ignore line: [InstalledDir: /Users/lixiaoliang04/Library/Android/sdk/ndk/16.1.4479499/toolchains/llvm/prebuilt/darwin-x86_64/bin]
  ignore line: [Found candidate GCC installation: /Users/lixiaoliang04/Library/Android/sdk/ndk/16.1.4479499/toolchains/arm-linux-androideabi-4.9/prebuilt/darwin-x86_64/lib/gcc/arm-linux-androideabi/4.9.x]
  ignore line: [Selected GCC installation: /Users/lixiaoliang04/Library/Android/sdk/ndk/16.1.4479499/toolchains/arm-linux-androideabi-4.9/prebuilt/darwin-x86_64/lib/gcc/arm-linux-androideabi/4.9.x]
  ignore line: [Candidate multilib: thumb]
  ignore line: [@thumb]
  ignore line: [Candidate multilib: armv7-a]
  ignore line: [@armv7]
  ignore line: [Candidate multilib: armv7-a/thumb]
  ignore line: [@armv7@thumb]
  ignore line: [Candidate multilib: .]
  ignore line: []
  ignore line: [Selected multilib: armv7-a/thumb]
  ignore line: [@armv7@thumb]
  link line: [ "/Users/lixiaoliang04/Library/Android/sdk/ndk/16.1.4479499/toolchains/arm-linux-androideabi-4.9/prebuilt/darwin-x86_64/lib/gcc/arm-linux-androideabi/4.9.x/../../../../arm-linux-androideabi/bin/ld" --sysroot=/Users/lixiaoliang04/Library/Android/sdk/ndk/16.1.4479499/platforms/android-14/arch-arm -X --eh-frame-hdr -m armelf_linux_eabi -dynamic-linker /system/bin/linker -o cmTC_fb6f5 /Users/lixiaoliang04/Library/Android/sdk/ndk/16.1.4479499/platforms/android-14/arch-arm/usr/lib/../lib/crtbegin_dynamic.o -L/Users/lixiaoliang04/Library/Android/sdk/ndk/16.1.4479499/toolchains/llvm/prebuilt/darwin-x86_64/lib64/clang/5.0.300080/lib/linux/arm -L/Users/lixiaoliang04/Library/Android/sdk/ndk/16.1.4479499/toolchains/arm-linux-androideabi-4.9/prebuilt/darwin-x86_64/lib/gcc/arm-linux-androideabi/4.9.x/armv7-a/thumb -L/Users/lixiaoliang04/Library/Android/sdk/ndk/16.1.4479499/toolchains/arm-linux-androideabi-4.9/prebuilt/darwin-x86_64/lib/gcc/arm-linux-androideabi/4.9.x/../../../../arm-linux-androideabi/lib/../lib/armv7-a/thumb -L/Users/lixiaoliang04/Library/Android/sdk/ndk/16.1.4479499/platforms/android-14/arch-arm/usr/lib/../lib -L/Users/lixiaoliang04/Library/Android/sdk/ndk/16.1.4479499/toolchains/arm-linux-androideabi-4.9/prebuilt/darwin-x86_64/lib/gcc/arm-linux-androideabi/4.9.x/../../../../arm-linux-androideabi/lib/armv7-a/thumb -L/Users/lixiaoliang04/Library/Android/sdk/ndk/16.1.4479499/platforms/android-14/arch-arm/usr/lib --exclude-libs libgcc.a --exclude-libs libatomic.a --build-id --warn-shared-textrel --fatal-warnings --fix-cortex-a8 --no-undefined -z noexecstack -z relro -z now --gc-sections -z nocopyreloc CMakeFiles/cmTC_fb6f5.dir/CMakeCXXCompilerABI.cpp.o -lstdc++ -lm -lgcc -lgcc -ldl -lc -lgcc -lgcc -ldl /Users/lixiaoliang04/Library/Android/sdk/ndk/16.1.4479499/platforms/android-14/arch-arm/usr/lib/../lib/crtend_android.o]
    arg [/Users/lixiaoliang04/Library/Android/sdk/ndk/16.1.4479499/toolchains/arm-linux-androideabi-4.9/prebuilt/darwin-x86_64/lib/gcc/arm-linux-androideabi/4.9.x/../../../../arm-linux-androideabi/bin/ld] ==> ignore
    arg [--sysroot=/Users/lixiaoliang04/Library/Android/sdk/ndk/16.1.4479499/platforms/android-14/arch-arm] ==> ignore
    arg [-X] ==> ignore
    arg [--eh-frame-hdr] ==> ignore
    arg [-m] ==> ignore
    arg [armelf_linux_eabi] ==> ignore
    arg [-dynamic-linker] ==> ignore
    arg [/system/bin/linker] ==> ignore
    arg [-o] ==> ignore
    arg [cmTC_fb6f5] ==> ignore
    arg [/Users/lixiaoliang04/Library/Android/sdk/ndk/16.1.4479499/platforms/android-14/arch-arm/usr/lib/../lib/crtbegin_dynamic.o] ==> ignore
    arg [-L/Users/lixiaoliang04/Library/Android/sdk/ndk/16.1.4479499/toolchains/llvm/prebuilt/darwin-x86_64/lib64/clang/5.0.300080/lib/linux/arm] ==> dir [/Users/lixiaoliang04/Library/Android/sdk/ndk/16.1.4479499/toolchains/llvm/prebuilt/darwin-x86_64/lib64/clang/5.0.300080/lib/linux/arm]
    arg [-L/Users/lixiaoliang04/Library/Android/sdk/ndk/16.1.4479499/toolchains/arm-linux-androideabi-4.9/prebuilt/darwin-x86_64/lib/gcc/arm-linux-androideabi/4.9.x/armv7-a/thumb] ==> dir [/Users/lixiaoliang04/Library/Android/sdk/ndk/16.1.4479499/toolchains/arm-linux-androideabi-4.9/prebuilt/darwin-x86_64/lib/gcc/arm-linux-androideabi/4.9.x/armv7-a/thumb]
    arg [-L/Users/lixiaoliang04/Library/Android/sdk/ndk/16.1.4479499/toolchains/arm-linux-androideabi-4.9/prebuilt/darwin-x86_64/lib/gcc/arm-linux-androideabi/4.9.x/../../../../arm-linux-androideabi/lib/../lib/armv7-a/thumb] ==> dir [/Users/lixiaoliang04/Library/Android/sdk/ndk/16.1.4479499/toolchains/arm-linux-androideabi-4.9/prebuilt/darwin-x86_64/lib/gcc/arm-linux-androideabi/4.9.x/../../../../arm-linux-androideabi/lib/../lib/armv7-a/thumb]
    arg [-L/Users/lixiaoliang04/Library/Android/sdk/ndk/16.1.4479499/platforms/android-14/arch-arm/usr/lib/../lib] ==> dir [/Users/lixiaoliang04/Library/Android/sdk/ndk/16.1.4479499/platforms/android-14/arch-arm/usr/lib/../lib]
    arg [-L/Users/lixiaoliang04/Library/Android/sdk/ndk/16.1.4479499/toolchains/arm-linux-androideabi-4.9/prebuilt/darwin-x86_64/lib/gcc/arm-linux-androideabi/4.9.x/../../../../arm-linux-androideabi/lib/armv7-a/thumb] ==> dir [/Users/lixiaoliang04/Library/Android/sdk/ndk/16.1.4479499/toolchains/arm-linux-androideabi-4.9/prebuilt/darwin-x86_64/lib/gcc/arm-linux-androideabi/4.9.x/../../../../arm-linux-androideabi/lib/armv7-a/thumb]
    arg [-L/Users/lixiaoliang04/Library/Android/sdk/ndk/16.1.4479499/platforms/android-14/arch-arm/usr/lib] ==> dir [/Users/lixiaoliang04/Library/Android/sdk/ndk/16.1.4479499/platforms/android-14/arch-arm/usr/lib]
    arg [--exclude-libs] ==> ignore
    arg [libgcc.a] ==> ignore
    arg [--exclude-libs] ==> ignore
    arg [libatomic.a] ==> ignore
    arg [--build-id] ==> ignore
    arg [--warn-shared-textrel] ==> ignore
    arg [--fatal-warnings] ==> ignore
    arg [--fix-cortex-a8] ==> ignore
    arg [--no-undefined] ==> ignore
    arg [-znoexecstack] ==> ignore
    arg [-zrelro] ==> ignore
    arg [-znow] ==> ignore
    arg [--gc-sections] ==> ignore
    arg [-znocopyreloc] ==> ignore
    arg [CMakeFiles/cmTC_fb6f5.dir/CMakeCXXCompilerABI.cpp.o] ==> ignore
    arg [-lstdc++] ==> lib [stdc++]
    arg [-lm] ==> lib [m]
    arg [-lgcc] ==> lib [gcc]
    arg [-lgcc] ==> lib [gcc]
    arg [-ldl] ==> lib [dl]
    arg [-lc] ==> lib [c]
    arg [-lgcc] ==> lib [gcc]
    arg [-lgcc] ==> lib [gcc]
    arg [-ldl] ==> lib [dl]
    arg [/Users/lixiaoliang04/Library/Android/sdk/ndk/16.1.4479499/platforms/android-14/arch-arm/usr/lib/../lib/crtend_android.o] ==> ignore
  collapse library dir [/Users/lixiaoliang04/Library/Android/sdk/ndk/16.1.4479499/toolchains/llvm/prebuilt/darwin-x86_64/lib64/clang/5.0.300080/lib/linux/arm] ==> [/Users/lixiaoliang04/Library/Android/sdk/ndk/16.1.4479499/toolchains/llvm/prebuilt/darwin-x86_64/lib64/clang/5.0.300080/lib/linux/arm]
  collapse library dir [/Users/lixiaoliang04/Library/Android/sdk/ndk/16.1.4479499/toolchains/arm-linux-androideabi-4.9/prebuilt/darwin-x86_64/lib/gcc/arm-linux-androideabi/4.9.x/armv7-a/thumb] ==> [/Users/lixiaoliang04/Library/Android/sdk/ndk/16.1.4479499/toolchains/arm-linux-androideabi-4.9/prebuilt/darwin-x86_64/lib/gcc/arm-linux-androideabi/4.9.x/armv7-a/thumb]
  collapse library dir [/Users/lixiaoliang04/Library/Android/sdk/ndk/16.1.4479499/toolchains/arm-linux-androideabi-4.9/prebuilt/darwin-x86_64/lib/gcc/arm-linux-androideabi/4.9.x/../../../../arm-linux-androideabi/lib/../lib/armv7-a/thumb] ==> [/Users/lixiaoliang04/Library/Android/sdk/ndk/16.1.4479499/toolchains/arm-linux-androideabi-4.9/prebuilt/darwin-x86_64/arm-linux-androideabi/lib/armv7-a/thumb]
  collapse library dir [/Users/lixiaoliang04/Library/Android/sdk/ndk/16.1.4479499/platforms/android-14/arch-arm/usr/lib/../lib] ==> [/Users/lixiaoliang04/Library/Android/sdk/ndk/16.1.4479499/platforms/android-14/arch-arm/usr/lib]
  collapse library dir [/Users/lixiaoliang04/Library/Android/sdk/ndk/16.1.4479499/toolchains/arm-linux-androideabi-4.9/prebuilt/darwin-x86_64/lib/gcc/arm-linux-androideabi/4.9.x/../../../../arm-linux-androideabi/lib/armv7-a/thumb] ==> [/Users/lixiaoliang04/Library/Android/sdk/ndk/16.1.4479499/toolchains/arm-linux-androideabi-4.9/prebuilt/darwin-x86_64/arm-linux-androideabi/lib/armv7-a/thumb]
  collapse library dir [/Users/lixiaoliang04/Library/Android/sdk/ndk/16.1.4479499/platforms/android-14/arch-arm/usr/lib] ==> [/Users/lixiaoliang04/Library/Android/sdk/ndk/16.1.4479499/platforms/android-14/arch-arm/usr/lib]
  implicit libs: [stdc++;m;gcc;gcc;dl;c;gcc;gcc;dl]
  implicit dirs: [/Users/lixiaoliang04/Library/Android/sdk/ndk/16.1.4479499/toolchains/llvm/prebuilt/darwin-x86_64/lib64/clang/5.0.300080/lib/linux/arm;/Users/lixiaoliang04/Library/Android/sdk/ndk/16.1.4479499/toolchains/arm-linux-androideabi-4.9/prebuilt/darwin-x86_64/lib/gcc/arm-linux-androideabi/4.9.x/armv7-a/thumb;/Users/lixiaoliang04/Library/Android/sdk/ndk/16.1.4479499/toolchains/arm-linux-androideabi-4.9/prebuilt/darwin-x86_64/arm-linux-androideabi/lib/armv7-a/thumb;/Users/lixiaoliang04/Library/Android/sdk/ndk/16.1.4479499/platforms/android-14/arch-arm/usr/lib]
  implicit fwks: []


