The target system is: Android - 1 - i686
The host system is: Darwin - 21.6.0 - x86_64
Detecting C compiler ABI info compiled with the following output:
Change Dir: /Users/lixiaoliang04/work/blur-lib/blur/.cxx/RelWithDebInfo/2m5j2r44/x86/CMakeFiles/CMakeTmp

Run Build Command(s):/Users/lixiaoliang04/Library/Android/sdk/cmake/3.18.1/bin/ninja cmTC_e494c && [1/2] Building C object CMakeFiles/cmTC_e494c.dir/CMakeCCompilerABI.c.o
Android clang version 5.0.300080  (based on LLVM 5.0.300080)
Target: i686-none-linux-android
Thread model: posix
InstalledDir: /Users/lixiaoliang04/Library/Android/sdk/ndk/16.1.4479499/toolchains/llvm/prebuilt/darwin-x86_64/bin
Found candidate GCC installation: /Users/lixiaoliang04/Library/Android/sdk/ndk/16.1.4479499/toolchains/x86-4.9/prebuilt/darwin-x86_64/lib/gcc/i686-linux-android/4.9.x
Selected GCC installation: /Users/lixiaoliang04/Library/Android/sdk/ndk/16.1.4479499/toolchains/x86-4.9/prebuilt/darwin-x86_64/lib/gcc/i686-linux-android/4.9.x
Candidate multilib: .;@m32
Selected multilib: .;@m32
 "/Users/lixiaoliang04/Library/Android/sdk/ndk/16.1.4479499/toolchains/llvm/prebuilt/darwin-x86_64/bin/clang" -cc1 -triple i686-none-linux-android -emit-obj -mrelax-all -mnoexecstack -disable-free -disable-llvm-verifier -discard-value-names -main-file-name CMakeCCompilerABI.c -mrelocation-model pic -pic-level 2 -mthread-model posix -mdisable-fp-elim -fmath-errno -masm-verbose -mconstructor-aliases -munwind-tables -fuse-init-array -target-cpu i686 -target-feature +ssse3 -target-linker-version 2.24 -v -dwarf-column-info -debug-info-kind=limited -dwarf-version=4 -debugger-tuning=gdb -ffunction-sections -coverage-notes-file /Users/lixiaoliang04/work/blur-lib/blur/.cxx/RelWithDebInfo/2m5j2r44/x86/CMakeFiles/CMakeTmp/CMakeFiles/cmTC_e494c.dir/CMakeCCompilerABI.c.gcno -resource-dir /Users/lixiaoliang04/Library/Android/sdk/ndk/16.1.4479499/toolchains/llvm/prebuilt/darwin-x86_64/lib64/clang/5.0.300080 -dependency-file CMakeFiles/cmTC_e494c.dir/CMakeCCompilerABI.c.o.d -sys-header-deps -MT CMakeFiles/cmTC_e494c.dir/CMakeCCompilerABI.c.o -isystem /Users/lixiaoliang04/Library/Android/sdk/ndk/16.1.4479499/sysroot/usr/include/i686-linux-android -D __ANDROID_API__=14 -D ANDROID -isysroot /Users/lixiaoliang04/Library/Android/sdk/ndk/16.1.4479499/sysroot -internal-isystem /Users/lixiaoliang04/Library/Android/sdk/ndk/16.1.4479499/sysroot/usr/local/include -internal-isystem /Users/lixiaoliang04/Library/Android/sdk/ndk/16.1.4479499/toolchains/llvm/prebuilt/darwin-x86_64/lib64/clang/5.0.300080/include -internal-externc-isystem /Users/lixiaoliang04/Library/Android/sdk/ndk/16.1.4479499/sysroot/include -internal-externc-isystem /Users/lixiaoliang04/Library/Android/sdk/ndk/16.1.4479499/sysroot/usr/include -Wformat -fdebug-compilation-dir /Users/lixiaoliang04/work/blur-lib/blur/.cxx/RelWithDebInfo/2m5j2r44/x86/CMakeFiles/CMakeTmp -ferror-limit 19 -fmessage-length 0 -femulated-tls -stack-protector 2 -mstackrealign -fobjc-runtime=gcc -fdiagnostics-show-option -o CMakeFiles/cmTC_e494c.dir/CMakeCCompilerABI.c.o -x c /Users/lixiaoliang04/Library/Android/sdk/cmake/3.18.1/share/cmake-3.18/Modules/CMakeCCompilerABI.c
clang -cc1 version 5.0.300080 based upon LLVM 5.0.300080 default target x86_64-apple-darwin21.6.0
ignoring nonexistent directory "/Users/lixiaoliang04/Library/Android/sdk/ndk/16.1.4479499/sysroot/usr/local/include"
ignoring nonexistent directory "/Users/lixiaoliang04/Library/Android/sdk/ndk/16.1.4479499/sysroot/include"
#include "..." search starts here:
#include <...> search starts here:
 /Users/lixiaoliang04/Library/Android/sdk/ndk/16.1.4479499/sysroot/usr/include/i686-linux-android
 /Users/lixiaoliang04/Library/Android/sdk/ndk/16.1.4479499/toolchains/llvm/prebuilt/darwin-x86_64/lib64/clang/5.0.300080/include
 /Users/lixiaoliang04/Library/Android/sdk/ndk/16.1.4479499/sysroot/usr/include
End of search list.
[2/2] Linking C executable cmTC_e494c
Android clang version 5.0.300080  (based on LLVM 5.0.300080)
Target: i686-none-linux-android
Thread model: posix
InstalledDir: /Users/lixiaoliang04/Library/Android/sdk/ndk/16.1.4479499/toolchains/llvm/prebuilt/darwin-x86_64/bin
Found candidate GCC installation: /Users/lixiaoliang04/Library/Android/sdk/ndk/16.1.4479499/toolchains/x86-4.9/prebuilt/darwin-x86_64/lib/gcc/i686-linux-android/4.9.x
Selected GCC installation: /Users/lixiaoliang04/Library/Android/sdk/ndk/16.1.4479499/toolchains/x86-4.9/prebuilt/darwin-x86_64/lib/gcc/i686-linux-android/4.9.x
Candidate multilib: .;@m32
Selected multilib: .;@m32
 "/Users/lixiaoliang04/Library/Android/sdk/ndk/16.1.4479499/toolchains/x86-4.9/prebuilt/darwin-x86_64/lib/gcc/i686-linux-android/4.9.x/../../../../i686-linux-android/bin/ld" --sysroot=/Users/lixiaoliang04/Library/Android/sdk/ndk/16.1.4479499/platforms/android-14/arch-x86 --eh-frame-hdr -m elf_i386 -dynamic-linker /system/bin/linker -o cmTC_e494c /Users/lixiaoliang04/Library/Android/sdk/ndk/16.1.4479499/platforms/android-14/arch-x86/usr/lib/crtbegin_dynamic.o -L/Users/lixiaoliang04/Library/Android/sdk/ndk/16.1.4479499/toolchains/llvm/prebuilt/darwin-x86_64/lib64/clang/5.0.300080/lib/linux/i386 -L/Users/lixiaoliang04/Library/Android/sdk/ndk/16.1.4479499/toolchains/x86-4.9/prebuilt/darwin-x86_64/lib/gcc/i686-linux-android/4.9.x -L/Users/lixiaoliang04/Library/Android/sdk/ndk/16.1.4479499/toolchains/x86-4.9/prebuilt/darwin-x86_64/lib/gcc/i686-linux-android/4.9.x/../../../../i686-linux-android/lib -L/Users/lixiaoliang04/Library/Android/sdk/ndk/16.1.4479499/platforms/android-14/arch-x86/usr/lib --exclude-libs libgcc.a --exclude-libs libatomic.a --build-id --warn-shared-textrel --fatal-warnings --no-undefined -z noexecstack -z relro -z now --gc-sections -z nocopyreloc CMakeFiles/cmTC_e494c.dir/CMakeCCompilerABI.c.o -lgcc -ldl -lc -lgcc -ldl /Users/lixiaoliang04/Library/Android/sdk/ndk/16.1.4479499/platforms/android-14/arch-x86/usr/lib/crtend_android.o



Parsed C implicit include dir info from above output: rv=done
  found start of include info
  found start of implicit include info
    add: [/Users/lixiaoliang04/Library/Android/sdk/ndk/16.1.4479499/sysroot/usr/include/i686-linux-android]
    add: [/Users/lixiaoliang04/Library/Android/sdk/ndk/16.1.4479499/toolchains/llvm/prebuilt/darwin-x86_64/lib64/clang/5.0.300080/include]
    add: [/Users/lixiaoliang04/Library/Android/sdk/ndk/16.1.4479499/sysroot/usr/include]
  end of search list found
  collapse include dir [/Users/lixiaoliang04/Library/Android/sdk/ndk/16.1.4479499/sysroot/usr/include/i686-linux-android] ==> [/Users/lixiaoliang04/Library/Android/sdk/ndk/16.1.4479499/sysroot/usr/include/i686-linux-android]
  collapse include dir [/Users/lixiaoliang04/Library/Android/sdk/ndk/16.1.4479499/toolchains/llvm/prebuilt/darwin-x86_64/lib64/clang/5.0.300080/include] ==> [/Users/lixiaoliang04/Library/Android/sdk/ndk/16.1.4479499/toolchains/llvm/prebuilt/darwin-x86_64/lib64/clang/5.0.300080/include]
  collapse include dir [/Users/lixiaoliang04/Library/Android/sdk/ndk/16.1.4479499/sysroot/usr/include] ==> [/Users/lixiaoliang04/Library/Android/sdk/ndk/16.1.4479499/sysroot/usr/include]
  implicit include dirs: [/Users/lixiaoliang04/Library/Android/sdk/ndk/16.1.4479499/sysroot/usr/include/i686-linux-android;/Users/lixiaoliang04/Library/Android/sdk/ndk/16.1.4479499/toolchains/llvm/prebuilt/darwin-x86_64/lib64/clang/5.0.300080/include;/Users/lixiaoliang04/Library/Android/sdk/ndk/16.1.4479499/sysroot/usr/include]


Parsed C implicit link information from above output:
  link line regex: [^( *|.*[/\])(i686-linux-android-ld|CMAKE_LINK_STARTFILE-NOTFOUND|([^/\]+-)?ld|collect2)[^/\]*( |$)]
  ignore line: [Change Dir: /Users/lixiaoliang04/work/blur-lib/blur/.cxx/RelWithDebInfo/2m5j2r44/x86/CMakeFiles/CMakeTmp]
  ignore line: []
  ignore line: [Run Build Command(s):/Users/lixiaoliang04/Library/Android/sdk/cmake/3.18.1/bin/ninja cmTC_e494c && [1/2] Building C object CMakeFiles/cmTC_e494c.dir/CMakeCCompilerABI.c.o]
  ignore line: [Android clang version 5.0.300080  (based on LLVM 5.0.300080)]
  ignore line: [Target: i686-none-linux-android]
  ignore line: [Thread model: posix]
  ignore line: [InstalledDir: /Users/lixiaoliang04/Library/Android/sdk/ndk/16.1.4479499/toolchains/llvm/prebuilt/darwin-x86_64/bin]
  ignore line: [Found candidate GCC installation: /Users/lixiaoliang04/Library/Android/sdk/ndk/16.1.4479499/toolchains/x86-4.9/prebuilt/darwin-x86_64/lib/gcc/i686-linux-android/4.9.x]
  ignore line: [Selected GCC installation: /Users/lixiaoliang04/Library/Android/sdk/ndk/16.1.4479499/toolchains/x86-4.9/prebuilt/darwin-x86_64/lib/gcc/i686-linux-android/4.9.x]
  ignore line: [Candidate multilib: .]
  ignore line: [@m32]
  ignore line: [Selected multilib: .]
  ignore line: [@m32]
  ignore line: [ "/Users/lixiaoliang04/Library/Android/sdk/ndk/16.1.4479499/toolchains/llvm/prebuilt/darwin-x86_64/bin/clang" -cc1 -triple i686-none-linux-android -emit-obj -mrelax-all -mnoexecstack -disable-free -disable-llvm-verifier -discard-value-names -main-file-name CMakeCCompilerABI.c -mrelocation-model pic -pic-level 2 -mthread-model posix -mdisable-fp-elim -fmath-errno -masm-verbose -mconstructor-aliases -munwind-tables -fuse-init-array -target-cpu i686 -target-feature +ssse3 -target-linker-version 2.24 -v -dwarf-column-info -debug-info-kind=limited -dwarf-version=4 -debugger-tuning=gdb -ffunction-sections -coverage-notes-file /Users/lixiaoliang04/work/blur-lib/blur/.cxx/RelWithDebInfo/2m5j2r44/x86/CMakeFiles/CMakeTmp/CMakeFiles/cmTC_e494c.dir/CMakeCCompilerABI.c.gcno -resource-dir /Users/lixiaoliang04/Library/Android/sdk/ndk/16.1.4479499/toolchains/llvm/prebuilt/darwin-x86_64/lib64/clang/5.0.300080 -dependency-file CMakeFiles/cmTC_e494c.dir/CMakeCCompilerABI.c.o.d -sys-header-deps -MT CMakeFiles/cmTC_e494c.dir/CMakeCCompilerABI.c.o -isystem /Users/lixiaoliang04/Library/Android/sdk/ndk/16.1.4479499/sysroot/usr/include/i686-linux-android -D __ANDROID_API__=14 -D ANDROID -isysroot /Users/lixiaoliang04/Library/Android/sdk/ndk/16.1.4479499/sysroot -internal-isystem /Users/lixiaoliang04/Library/Android/sdk/ndk/16.1.4479499/sysroot/usr/local/include -internal-isystem /Users/lixiaoliang04/Library/Android/sdk/ndk/16.1.4479499/toolchains/llvm/prebuilt/darwin-x86_64/lib64/clang/5.0.300080/include -internal-externc-isystem /Users/lixiaoliang04/Library/Android/sdk/ndk/16.1.4479499/sysroot/include -internal-externc-isystem /Users/lixiaoliang04/Library/Android/sdk/ndk/16.1.4479499/sysroot/usr/include -Wformat -fdebug-compilation-dir /Users/lixiaoliang04/work/blur-lib/blur/.cxx/RelWithDebInfo/2m5j2r44/x86/CMakeFiles/CMakeTmp -ferror-limit 19 -fmessage-length 0 -femulated-tls -stack-protector 2 -mstackrealign -fobjc-runtime=gcc -fdiagnostics-show-option -o CMakeFiles/cmTC_e494c.dir/CMakeCCompilerABI.c.o -x c /Users/lixiaoliang04/Library/Android/sdk/cmake/3.18.1/share/cmake-3.18/Modules/CMakeCCompilerABI.c]
  ignore line: [clang -cc1 version 5.0.300080 based upon LLVM 5.0.300080 default target x86_64-apple-darwin21.6.0]
  ignore line: [ignoring nonexistent directory "/Users/lixiaoliang04/Library/Android/sdk/ndk/16.1.4479499/sysroot/usr/local/include"]
  ignore line: [ignoring nonexistent directory "/Users/lixiaoliang04/Library/Android/sdk/ndk/16.1.4479499/sysroot/include"]
  ignore line: [#include "..." search starts here:]
  ignore line: [#include <...> search starts here:]
  ignore line: [ /Users/lixiaoliang04/Library/Android/sdk/ndk/16.1.4479499/sysroot/usr/include/i686-linux-android]
  ignore line: [ /Users/lixiaoliang04/Library/Android/sdk/ndk/16.1.4479499/toolchains/llvm/prebuilt/darwin-x86_64/lib64/clang/5.0.300080/include]
  ignore line: [ /Users/lixiaoliang04/Library/Android/sdk/ndk/16.1.4479499/sysroot/usr/include]
  ignore line: [End of search list.]
  ignore line: [[2/2] Linking C executable cmTC_e494c]
  ignore line: [Android clang version 5.0.300080  (based on LLVM 5.0.300080)]
  ignore line: [Target: i686-none-linux-android]
  ignore line: [Thread model: posix]
  ignore line: [InstalledDir: /Users/lixiaoliang04/Library/Android/sdk/ndk/16.1.4479499/toolchains/llvm/prebuilt/darwin-x86_64/bin]
  ignore line: [Found candidate GCC installation: /Users/lixiaoliang04/Library/Android/sdk/ndk/16.1.4479499/toolchains/x86-4.9/prebuilt/darwin-x86_64/lib/gcc/i686-linux-android/4.9.x]
  ignore line: [Selected GCC installation: /Users/lixiaoliang04/Library/Android/sdk/ndk/16.1.4479499/toolchains/x86-4.9/prebuilt/darwin-x86_64/lib/gcc/i686-linux-android/4.9.x]
  ignore line: [Candidate multilib: .]
  ignore line: [@m32]
  ignore line: [Selected multilib: .]
  ignore line: [@m32]
  link line: [ "/Users/lixiaoliang04/Library/Android/sdk/ndk/16.1.4479499/toolchains/x86-4.9/prebuilt/darwin-x86_64/lib/gcc/i686-linux-android/4.9.x/../../../../i686-linux-android/bin/ld" --sysroot=/Users/lixiaoliang04/Library/Android/sdk/ndk/16.1.4479499/platforms/android-14/arch-x86 --eh-frame-hdr -m elf_i386 -dynamic-linker /system/bin/linker -o cmTC_e494c /Users/lixiaoliang04/Library/Android/sdk/ndk/16.1.4479499/platforms/android-14/arch-x86/usr/lib/crtbegin_dynamic.o -L/Users/lixiaoliang04/Library/Android/sdk/ndk/16.1.4479499/toolchains/llvm/prebuilt/darwin-x86_64/lib64/clang/5.0.300080/lib/linux/i386 -L/Users/lixiaoliang04/Library/Android/sdk/ndk/16.1.4479499/toolchains/x86-4.9/prebuilt/darwin-x86_64/lib/gcc/i686-linux-android/4.9.x -L/Users/lixiaoliang04/Library/Android/sdk/ndk/16.1.4479499/toolchains/x86-4.9/prebuilt/darwin-x86_64/lib/gcc/i686-linux-android/4.9.x/../../../../i686-linux-android/lib -L/Users/lixiaoliang04/Library/Android/sdk/ndk/16.1.4479499/platforms/android-14/arch-x86/usr/lib --exclude-libs libgcc.a --exclude-libs libatomic.a --build-id --warn-shared-textrel --fatal-warnings --no-undefined -z noexecstack -z relro -z now --gc-sections -z nocopyreloc CMakeFiles/cmTC_e494c.dir/CMakeCCompilerABI.c.o -lgcc -ldl -lc -lgcc -ldl /Users/lixiaoliang04/Library/Android/sdk/ndk/16.1.4479499/platforms/android-14/arch-x86/usr/lib/crtend_android.o]
    arg [/Users/lixiaoliang04/Library/Android/sdk/ndk/16.1.4479499/toolchains/x86-4.9/prebuilt/darwin-x86_64/lib/gcc/i686-linux-android/4.9.x/../../../../i686-linux-android/bin/ld] ==> ignore
    arg [--sysroot=/Users/lixiaoliang04/Library/Android/sdk/ndk/16.1.4479499/platforms/android-14/arch-x86] ==> ignore
    arg [--eh-frame-hdr] ==> ignore
    arg [-m] ==> ignore
    arg [elf_i386] ==> ignore
    arg [-dynamic-linker] ==> ignore
    arg [/system/bin/linker] ==> ignore
    arg [-o] ==> ignore
    arg [cmTC_e494c] ==> ignore
    arg [/Users/lixiaoliang04/Library/Android/sdk/ndk/16.1.4479499/platforms/android-14/arch-x86/usr/lib/crtbegin_dynamic.o] ==> ignore
    arg [-L/Users/lixiaoliang04/Library/Android/sdk/ndk/16.1.4479499/toolchains/llvm/prebuilt/darwin-x86_64/lib64/clang/5.0.300080/lib/linux/i386] ==> dir [/Users/lixiaoliang04/Library/Android/sdk/ndk/16.1.4479499/toolchains/llvm/prebuilt/darwin-x86_64/lib64/clang/5.0.300080/lib/linux/i386]
    arg [-L/Users/lixiaoliang04/Library/Android/sdk/ndk/16.1.4479499/toolchains/x86-4.9/prebuilt/darwin-x86_64/lib/gcc/i686-linux-android/4.9.x] ==> dir [/Users/lixiaoliang04/Library/Android/sdk/ndk/16.1.4479499/toolchains/x86-4.9/prebuilt/darwin-x86_64/lib/gcc/i686-linux-android/4.9.x]
    arg [-L/Users/lixiaoliang04/Library/Android/sdk/ndk/16.1.4479499/toolchains/x86-4.9/prebuilt/darwin-x86_64/lib/gcc/i686-linux-android/4.9.x/../../../../i686-linux-android/lib] ==> dir [/Users/lixiaoliang04/Library/Android/sdk/ndk/16.1.4479499/toolchains/x86-4.9/prebuilt/darwin-x86_64/lib/gcc/i686-linux-android/4.9.x/../../../../i686-linux-android/lib]
    arg [-L/Users/lixiaoliang04/Library/Android/sdk/ndk/16.1.4479499/platforms/android-14/arch-x86/usr/lib] ==> dir [/Users/lixiaoliang04/Library/Android/sdk/ndk/16.1.4479499/platforms/android-14/arch-x86/usr/lib]
    arg [--exclude-libs] ==> ignore
    arg [libgcc.a] ==> ignore
    arg [--exclude-libs] ==> ignore
    arg [libatomic.a] ==> ignore
    arg [--build-id] ==> ignore
    arg [--warn-shared-textrel] ==> ignore
    arg [--fatal-warnings] ==> ignore
    arg [--no-undefined] ==> ignore
    arg [-znoexecstack] ==> ignore
    arg [-zrelro] ==> ignore
    arg [-znow] ==> ignore
    arg [--gc-sections] ==> ignore
    arg [-znocopyreloc] ==> ignore
    arg [CMakeFiles/cmTC_e494c.dir/CMakeCCompilerABI.c.o] ==> ignore
    arg [-lgcc] ==> lib [gcc]
    arg [-ldl] ==> lib [dl]
    arg [-lc] ==> lib [c]
    arg [-lgcc] ==> lib [gcc]
    arg [-ldl] ==> lib [dl]
    arg [/Users/lixiaoliang04/Library/Android/sdk/ndk/16.1.4479499/platforms/android-14/arch-x86/usr/lib/crtend_android.o] ==> ignore
  collapse library dir [/Users/lixiaoliang04/Library/Android/sdk/ndk/16.1.4479499/toolchains/llvm/prebuilt/darwin-x86_64/lib64/clang/5.0.300080/lib/linux/i386] ==> [/Users/lixiaoliang04/Library/Android/sdk/ndk/16.1.4479499/toolchains/llvm/prebuilt/darwin-x86_64/lib64/clang/5.0.300080/lib/linux/i386]
  collapse library dir [/Users/lixiaoliang04/Library/Android/sdk/ndk/16.1.4479499/toolchains/x86-4.9/prebuilt/darwin-x86_64/lib/gcc/i686-linux-android/4.9.x] ==> [/Users/lixiaoliang04/Library/Android/sdk/ndk/16.1.4479499/toolchains/x86-4.9/prebuilt/darwin-x86_64/lib/gcc/i686-linux-android/4.9.x]
  collapse library dir [/Users/lixiaoliang04/Library/Android/sdk/ndk/16.1.4479499/toolchains/x86-4.9/prebuilt/darwin-x86_64/lib/gcc/i686-linux-android/4.9.x/../../../../i686-linux-android/lib] ==> [/Users/lixiaoliang04/Library/Android/sdk/ndk/16.1.4479499/toolchains/x86-4.9/prebuilt/darwin-x86_64/i686-linux-android/lib]
  collapse library dir [/Users/lixiaoliang04/Library/Android/sdk/ndk/16.1.4479499/platforms/android-14/arch-x86/usr/lib] ==> [/Users/lixiaoliang04/Library/Android/sdk/ndk/16.1.4479499/platforms/android-14/arch-x86/usr/lib]
  implicit libs: [gcc;dl;c;gcc;dl]
  implicit dirs: [/Users/lixiaoliang04/Library/Android/sdk/ndk/16.1.4479499/toolchains/llvm/prebuilt/darwin-x86_64/lib64/clang/5.0.300080/lib/linux/i386;/Users/lixiaoliang04/Library/Android/sdk/ndk/16.1.4479499/toolchains/x86-4.9/prebuilt/darwin-x86_64/lib/gcc/i686-linux-android/4.9.x;/Users/lixiaoliang04/Library/Android/sdk/ndk/16.1.4479499/toolchains/x86-4.9/prebuilt/darwin-x86_64/i686-linux-android/lib;/Users/lixiaoliang04/Library/Android/sdk/ndk/16.1.4479499/platforms/android-14/arch-x86/usr/lib]
  implicit fwks: []


Detecting CXX compiler ABI info compiled with the following output:
Change Dir: /Users/lixiaoliang04/work/blur-lib/blur/.cxx/RelWithDebInfo/2m5j2r44/x86/CMakeFiles/CMakeTmp

Run Build Command(s):/Users/lixiaoliang04/Library/Android/sdk/cmake/3.18.1/bin/ninja cmTC_38b4f && [1/2] Building CXX object CMakeFiles/cmTC_38b4f.dir/CMakeCXXCompilerABI.cpp.o
Android clang version 5.0.300080  (based on LLVM 5.0.300080)
Target: i686-none-linux-android
Thread model: posix
InstalledDir: /Users/lixiaoliang04/Library/Android/sdk/ndk/16.1.4479499/toolchains/llvm/prebuilt/darwin-x86_64/bin
Found candidate GCC installation: /Users/lixiaoliang04/Library/Android/sdk/ndk/16.1.4479499/toolchains/x86-4.9/prebuilt/darwin-x86_64/lib/gcc/i686-linux-android/4.9.x
Selected GCC installation: /Users/lixiaoliang04/Library/Android/sdk/ndk/16.1.4479499/toolchains/x86-4.9/prebuilt/darwin-x86_64/lib/gcc/i686-linux-android/4.9.x
Candidate multilib: .;@m32
Selected multilib: .;@m32
 "/Users/lixiaoliang04/Library/Android/sdk/ndk/16.1.4479499/toolchains/llvm/prebuilt/darwin-x86_64/bin/clang++" -cc1 -triple i686-none-linux-android -emit-obj -mrelax-all -mnoexecstack -disable-free -disable-llvm-verifier -discard-value-names -main-file-name CMakeCXXCompilerABI.cpp -mrelocation-model pic -pic-level 2 -mthread-model posix -mdisable-fp-elim -fmath-errno -masm-verbose -mconstructor-aliases -munwind-tables -fuse-init-array -target-cpu i686 -target-feature +ssse3 -target-linker-version 2.24 -v -dwarf-column-info -debug-info-kind=limited -dwarf-version=4 -debugger-tuning=gdb -ffunction-sections -coverage-notes-file /Users/lixiaoliang04/work/blur-lib/blur/.cxx/RelWithDebInfo/2m5j2r44/x86/CMakeFiles/CMakeTmp/CMakeFiles/cmTC_38b4f.dir/CMakeCXXCompilerABI.cpp.gcno -resource-dir /Users/lixiaoliang04/Library/Android/sdk/ndk/16.1.4479499/toolchains/llvm/prebuilt/darwin-x86_64/lib64/clang/5.0.300080 -dependency-file CMakeFiles/cmTC_38b4f.dir/CMakeCXXCompilerABI.cpp.o.d -sys-header-deps -MT CMakeFiles/cmTC_38b4f.dir/CMakeCXXCompilerABI.cpp.o -isystem /Users/lixiaoliang04/Library/Android/sdk/ndk/16.1.4479499/sources/cxx-stl/gnu-libstdc++/4.9/include -isystem /Users/lixiaoliang04/Library/Android/sdk/ndk/16.1.4479499/sources/cxx-stl/gnu-libstdc++/4.9/libs/x86/include -isystem /Users/lixiaoliang04/Library/Android/sdk/ndk/16.1.4479499/sources/cxx-stl/gnu-libstdc++/4.9/include/backward -isystem /Users/lixiaoliang04/Library/Android/sdk/ndk/16.1.4479499/sysroot/usr/include/i686-linux-android -D __ANDROID_API__=14 -D ANDROID -isysroot /Users/lixiaoliang04/Library/Android/sdk/ndk/16.1.4479499/sysroot -internal-isystem /Users/lixiaoliang04/Library/Android/sdk/ndk/16.1.4479499/sysroot/usr/local/include -internal-isystem /Users/lixiaoliang04/Library/Android/sdk/ndk/16.1.4479499/toolchains/llvm/prebuilt/darwin-x86_64/lib64/clang/5.0.300080/include -internal-externc-isystem /Users/lixiaoliang04/Library/Android/sdk/ndk/16.1.4479499/sysroot/include -internal-externc-isystem /Users/lixiaoliang04/Library/Android/sdk/ndk/16.1.4479499/sysroot/usr/include -Wformat -fdeprecated-macro -fdebug-compilation-dir /Users/lixiaoliang04/work/blur-lib/blur/.cxx/RelWithDebInfo/2m5j2r44/x86/CMakeFiles/CMakeTmp -ferror-limit 19 -fmessage-length 0 -femulated-tls -stack-protector 2 -mstackrealign -fobjc-runtime=gcc -fcxx-exceptions -fexceptions -fdiagnostics-show-option -o CMakeFiles/cmTC_38b4f.dir/CMakeCXXCompilerABI.cpp.o -x c++ /Users/lixiaoliang04/Library/Android/sdk/cmake/3.18.1/share/cmake-3.18/Modules/CMakeCXXCompilerABI.cpp
clang -cc1 version 5.0.300080 based upon LLVM 5.0.300080 default target x86_64-apple-darwin21.6.0
ignoring nonexistent directory "/Users/lixiaoliang04/Library/Android/sdk/ndk/16.1.4479499/sysroot/usr/local/include"
ignoring nonexistent directory "/Users/lixiaoliang04/Library/Android/sdk/ndk/16.1.4479499/sysroot/include"
#include "..." search starts here:
#include <...> search starts here:
 /Users/lixiaoliang04/Library/Android/sdk/ndk/16.1.4479499/sources/cxx-stl/gnu-libstdc++/4.9/include
 /Users/lixiaoliang04/Library/Android/sdk/ndk/16.1.4479499/sources/cxx-stl/gnu-libstdc++/4.9/libs/x86/include
 /Users/lixiaoliang04/Library/Android/sdk/ndk/16.1.4479499/sources/cxx-stl/gnu-libstdc++/4.9/include/backward
 /Users/lixiaoliang04/Library/Android/sdk/ndk/16.1.4479499/sysroot/usr/include/i686-linux-android
 /Users/lixiaoliang04/Library/Android/sdk/ndk/16.1.4479499/toolchains/llvm/prebuilt/darwin-x86_64/lib64/clang/5.0.300080/include
 /Users/lixiaoliang04/Library/Android/sdk/ndk/16.1.4479499/sysroot/usr/include
End of search list.
[2/2] Linking CXX executable cmTC_38b4f
Android clang version 5.0.300080  (based on LLVM 5.0.300080)
Target: i686-none-linux-android
Thread model: posix
InstalledDir: /Users/lixiaoliang04/Library/Android/sdk/ndk/16.1.4479499/toolchains/llvm/prebuilt/darwin-x86_64/bin
Found candidate GCC installation: /Users/lixiaoliang04/Library/Android/sdk/ndk/16.1.4479499/toolchains/x86-4.9/prebuilt/darwin-x86_64/lib/gcc/i686-linux-android/4.9.x
Selected GCC installation: /Users/lixiaoliang04/Library/Android/sdk/ndk/16.1.4479499/toolchains/x86-4.9/prebuilt/darwin-x86_64/lib/gcc/i686-linux-android/4.9.x
Candidate multilib: .;@m32
Selected multilib: .;@m32
 "/Users/lixiaoliang04/Library/Android/sdk/ndk/16.1.4479499/toolchains/x86-4.9/prebuilt/darwin-x86_64/lib/gcc/i686-linux-android/4.9.x/../../../../i686-linux-android/bin/ld" --sysroot=/Users/lixiaoliang04/Library/Android/sdk/ndk/16.1.4479499/platforms/android-14/arch-x86 --eh-frame-hdr -m elf_i386 -dynamic-linker /system/bin/linker -o cmTC_38b4f /Users/lixiaoliang04/Library/Android/sdk/ndk/16.1.4479499/platforms/android-14/arch-x86/usr/lib/crtbegin_dynamic.o -L/Users/lixiaoliang04/Library/Android/sdk/ndk/16.1.4479499/toolchains/llvm/prebuilt/darwin-x86_64/lib64/clang/5.0.300080/lib/linux/i386 -L/Users/lixiaoliang04/Library/Android/sdk/ndk/16.1.4479499/toolchains/x86-4.9/prebuilt/darwin-x86_64/lib/gcc/i686-linux-android/4.9.x -L/Users/lixiaoliang04/Library/Android/sdk/ndk/16.1.4479499/toolchains/x86-4.9/prebuilt/darwin-x86_64/lib/gcc/i686-linux-android/4.9.x/../../../../i686-linux-android/lib -L/Users/lixiaoliang04/Library/Android/sdk/ndk/16.1.4479499/platforms/android-14/arch-x86/usr/lib --exclude-libs libgcc.a --exclude-libs libatomic.a --build-id --warn-shared-textrel --fatal-warnings --no-undefined -z noexecstack -z relro -z now --gc-sections -z nocopyreloc CMakeFiles/cmTC_38b4f.dir/CMakeCXXCompilerABI.cpp.o -lstdc++ -lm -lgcc -lgcc -ldl -lc -lgcc -lgcc -ldl /Users/lixiaoliang04/Library/Android/sdk/ndk/16.1.4479499/platforms/android-14/arch-x86/usr/lib/crtend_android.o



Parsed CXX implicit include dir info from above output: rv=done
  found start of include info
  found start of implicit include info
    add: [/Users/lixiaoliang04/Library/Android/sdk/ndk/16.1.4479499/sources/cxx-stl/gnu-libstdc++/4.9/include]
    add: [/Users/lixiaoliang04/Library/Android/sdk/ndk/16.1.4479499/sources/cxx-stl/gnu-libstdc++/4.9/libs/x86/include]
    add: [/Users/lixiaoliang04/Library/Android/sdk/ndk/16.1.4479499/sources/cxx-stl/gnu-libstdc++/4.9/include/backward]
    add: [/Users/lixiaoliang04/Library/Android/sdk/ndk/16.1.4479499/sysroot/usr/include/i686-linux-android]
    add: [/Users/lixiaoliang04/Library/Android/sdk/ndk/16.1.4479499/toolchains/llvm/prebuilt/darwin-x86_64/lib64/clang/5.0.300080/include]
    add: [/Users/lixiaoliang04/Library/Android/sdk/ndk/16.1.4479499/sysroot/usr/include]
  end of search list found
  collapse include dir [/Users/lixiaoliang04/Library/Android/sdk/ndk/16.1.4479499/sources/cxx-stl/gnu-libstdc++/4.9/include] ==> [/Users/lixiaoliang04/Library/Android/sdk/ndk/16.1.4479499/sources/cxx-stl/gnu-libstdc++/4.9/include]
  collapse include dir [/Users/lixiaoliang04/Library/Android/sdk/ndk/16.1.4479499/sources/cxx-stl/gnu-libstdc++/4.9/libs/x86/include] ==> [/Users/lixiaoliang04/Library/Android/sdk/ndk/16.1.4479499/sources/cxx-stl/gnu-libstdc++/4.9/libs/x86/include]
  collapse include dir [/Users/lixiaoliang04/Library/Android/sdk/ndk/16.1.4479499/sources/cxx-stl/gnu-libstdc++/4.9/include/backward] ==> [/Users/lixiaoliang04/Library/Android/sdk/ndk/16.1.4479499/sources/cxx-stl/gnu-libstdc++/4.9/include/backward]
  collapse include dir [/Users/lixiaoliang04/Library/Android/sdk/ndk/16.1.4479499/sysroot/usr/include/i686-linux-android] ==> [/Users/lixiaoliang04/Library/Android/sdk/ndk/16.1.4479499/sysroot/usr/include/i686-linux-android]
  collapse include dir [/Users/lixiaoliang04/Library/Android/sdk/ndk/16.1.4479499/toolchains/llvm/prebuilt/darwin-x86_64/lib64/clang/5.0.300080/include] ==> [/Users/lixiaoliang04/Library/Android/sdk/ndk/16.1.4479499/toolchains/llvm/prebuilt/darwin-x86_64/lib64/clang/5.0.300080/include]
  collapse include dir [/Users/lixiaoliang04/Library/Android/sdk/ndk/16.1.4479499/sysroot/usr/include] ==> [/Users/lixiaoliang04/Library/Android/sdk/ndk/16.1.4479499/sysroot/usr/include]
  implicit include dirs: [/Users/lixiaoliang04/Library/Android/sdk/ndk/16.1.4479499/sources/cxx-stl/gnu-libstdc++/4.9/include;/Users/lixiaoliang04/Library/Android/sdk/ndk/16.1.4479499/sources/cxx-stl/gnu-libstdc++/4.9/libs/x86/include;/Users/lixiaoliang04/Library/Android/sdk/ndk/16.1.4479499/sources/cxx-stl/gnu-libstdc++/4.9/include/backward;/Users/lixiaoliang04/Library/Android/sdk/ndk/16.1.4479499/sysroot/usr/include/i686-linux-android;/Users/lixiaoliang04/Library/Android/sdk/ndk/16.1.4479499/toolchains/llvm/prebuilt/darwin-x86_64/lib64/clang/5.0.300080/include;/Users/lixiaoliang04/Library/Android/sdk/ndk/16.1.4479499/sysroot/usr/include]


Parsed CXX implicit link information from above output:
  link line regex: [^( *|.*[/\])(i686-linux-android-ld|CMAKE_LINK_STARTFILE-NOTFOUND|([^/\]+-)?ld|collect2)[^/\]*( |$)]
  ignore line: [Change Dir: /Users/lixiaoliang04/work/blur-lib/blur/.cxx/RelWithDebInfo/2m5j2r44/x86/CMakeFiles/CMakeTmp]
  ignore line: []
  ignore line: [Run Build Command(s):/Users/lixiaoliang04/Library/Android/sdk/cmake/3.18.1/bin/ninja cmTC_38b4f && [1/2] Building CXX object CMakeFiles/cmTC_38b4f.dir/CMakeCXXCompilerABI.cpp.o]
  ignore line: [Android clang version 5.0.300080  (based on LLVM 5.0.300080)]
  ignore line: [Target: i686-none-linux-android]
  ignore line: [Thread model: posix]
  ignore line: [InstalledDir: /Users/lixiaoliang04/Library/Android/sdk/ndk/16.1.4479499/toolchains/llvm/prebuilt/darwin-x86_64/bin]
  ignore line: [Found candidate GCC installation: /Users/lixiaoliang04/Library/Android/sdk/ndk/16.1.4479499/toolchains/x86-4.9/prebuilt/darwin-x86_64/lib/gcc/i686-linux-android/4.9.x]
  ignore line: [Selected GCC installation: /Users/lixiaoliang04/Library/Android/sdk/ndk/16.1.4479499/toolchains/x86-4.9/prebuilt/darwin-x86_64/lib/gcc/i686-linux-android/4.9.x]
  ignore line: [Candidate multilib: .]
  ignore line: [@m32]
  ignore line: [Selected multilib: .]
  ignore line: [@m32]
  ignore line: [ "/Users/lixiaoliang04/Library/Android/sdk/ndk/16.1.4479499/toolchains/llvm/prebuilt/darwin-x86_64/bin/clang++" -cc1 -triple i686-none-linux-android -emit-obj -mrelax-all -mnoexecstack -disable-free -disable-llvm-verifier -discard-value-names -main-file-name CMakeCXXCompilerABI.cpp -mrelocation-model pic -pic-level 2 -mthread-model posix -mdisable-fp-elim -fmath-errno -masm-verbose -mconstructor-aliases -munwind-tables -fuse-init-array -target-cpu i686 -target-feature +ssse3 -target-linker-version 2.24 -v -dwarf-column-info -debug-info-kind=limited -dwarf-version=4 -debugger-tuning=gdb -ffunction-sections -coverage-notes-file /Users/lixiaoliang04/work/blur-lib/blur/.cxx/RelWithDebInfo/2m5j2r44/x86/CMakeFiles/CMakeTmp/CMakeFiles/cmTC_38b4f.dir/CMakeCXXCompilerABI.cpp.gcno -resource-dir /Users/lixiaoliang04/Library/Android/sdk/ndk/16.1.4479499/toolchains/llvm/prebuilt/darwin-x86_64/lib64/clang/5.0.300080 -dependency-file CMakeFiles/cmTC_38b4f.dir/CMakeCXXCompilerABI.cpp.o.d -sys-header-deps -MT CMakeFiles/cmTC_38b4f.dir/CMakeCXXCompilerABI.cpp.o -isystem /Users/lixiaoliang04/Library/Android/sdk/ndk/16.1.4479499/sources/cxx-stl/gnu-libstdc++/4.9/include -isystem /Users/lixiaoliang04/Library/Android/sdk/ndk/16.1.4479499/sources/cxx-stl/gnu-libstdc++/4.9/libs/x86/include -isystem /Users/lixiaoliang04/Library/Android/sdk/ndk/16.1.4479499/sources/cxx-stl/gnu-libstdc++/4.9/include/backward -isystem /Users/lixiaoliang04/Library/Android/sdk/ndk/16.1.4479499/sysroot/usr/include/i686-linux-android -D __ANDROID_API__=14 -D ANDROID -isysroot /Users/lixiaoliang04/Library/Android/sdk/ndk/16.1.4479499/sysroot -internal-isystem /Users/lixiaoliang04/Library/Android/sdk/ndk/16.1.4479499/sysroot/usr/local/include -internal-isystem /Users/lixiaoliang04/Library/Android/sdk/ndk/16.1.4479499/toolchains/llvm/prebuilt/darwin-x86_64/lib64/clang/5.0.300080/include -internal-externc-isystem /Users/lixiaoliang04/Library/Android/sdk/ndk/16.1.4479499/sysroot/include -internal-externc-isystem /Users/lixiaoliang04/Library/Android/sdk/ndk/16.1.4479499/sysroot/usr/include -Wformat -fdeprecated-macro -fdebug-compilation-dir /Users/lixiaoliang04/work/blur-lib/blur/.cxx/RelWithDebInfo/2m5j2r44/x86/CMakeFiles/CMakeTmp -ferror-limit 19 -fmessage-length 0 -femulated-tls -stack-protector 2 -mstackrealign -fobjc-runtime=gcc -fcxx-exceptions -fexceptions -fdiagnostics-show-option -o CMakeFiles/cmTC_38b4f.dir/CMakeCXXCompilerABI.cpp.o -x c++ /Users/lixiaoliang04/Library/Android/sdk/cmake/3.18.1/share/cmake-3.18/Modules/CMakeCXXCompilerABI.cpp]
  ignore line: [clang -cc1 version 5.0.300080 based upon LLVM 5.0.300080 default target x86_64-apple-darwin21.6.0]
  ignore line: [ignoring nonexistent directory "/Users/lixiaoliang04/Library/Android/sdk/ndk/16.1.4479499/sysroot/usr/local/include"]
  ignore line: [ignoring nonexistent directory "/Users/lixiaoliang04/Library/Android/sdk/ndk/16.1.4479499/sysroot/include"]
  ignore line: [#include "..." search starts here:]
  ignore line: [#include <...> search starts here:]
  ignore line: [ /Users/lixiaoliang04/Library/Android/sdk/ndk/16.1.4479499/sources/cxx-stl/gnu-libstdc++/4.9/include]
  ignore line: [ /Users/lixiaoliang04/Library/Android/sdk/ndk/16.1.4479499/sources/cxx-stl/gnu-libstdc++/4.9/libs/x86/include]
  ignore line: [ /Users/lixiaoliang04/Library/Android/sdk/ndk/16.1.4479499/sources/cxx-stl/gnu-libstdc++/4.9/include/backward]
  ignore line: [ /Users/lixiaoliang04/Library/Android/sdk/ndk/16.1.4479499/sysroot/usr/include/i686-linux-android]
  ignore line: [ /Users/lixiaoliang04/Library/Android/sdk/ndk/16.1.4479499/toolchains/llvm/prebuilt/darwin-x86_64/lib64/clang/5.0.300080/include]
  ignore line: [ /Users/lixiaoliang04/Library/Android/sdk/ndk/16.1.4479499/sysroot/usr/include]
  ignore line: [End of search list.]
  ignore line: [[2/2] Linking CXX executable cmTC_38b4f]
  ignore line: [Android clang version 5.0.300080  (based on LLVM 5.0.300080)]
  ignore line: [Target: i686-none-linux-android]
  ignore line: [Thread model: posix]
  ignore line: [InstalledDir: /Users/lixiaoliang04/Library/Android/sdk/ndk/16.1.4479499/toolchains/llvm/prebuilt/darwin-x86_64/bin]
  ignore line: [Found candidate GCC installation: /Users/lixiaoliang04/Library/Android/sdk/ndk/16.1.4479499/toolchains/x86-4.9/prebuilt/darwin-x86_64/lib/gcc/i686-linux-android/4.9.x]
  ignore line: [Selected GCC installation: /Users/lixiaoliang04/Library/Android/sdk/ndk/16.1.4479499/toolchains/x86-4.9/prebuilt/darwin-x86_64/lib/gcc/i686-linux-android/4.9.x]
  ignore line: [Candidate multilib: .]
  ignore line: [@m32]
  ignore line: [Selected multilib: .]
  ignore line: [@m32]
  link line: [ "/Users/lixiaoliang04/Library/Android/sdk/ndk/16.1.4479499/toolchains/x86-4.9/prebuilt/darwin-x86_64/lib/gcc/i686-linux-android/4.9.x/../../../../i686-linux-android/bin/ld" --sysroot=/Users/lixiaoliang04/Library/Android/sdk/ndk/16.1.4479499/platforms/android-14/arch-x86 --eh-frame-hdr -m elf_i386 -dynamic-linker /system/bin/linker -o cmTC_38b4f /Users/lixiaoliang04/Library/Android/sdk/ndk/16.1.4479499/platforms/android-14/arch-x86/usr/lib/crtbegin_dynamic.o -L/Users/lixiaoliang04/Library/Android/sdk/ndk/16.1.4479499/toolchains/llvm/prebuilt/darwin-x86_64/lib64/clang/5.0.300080/lib/linux/i386 -L/Users/lixiaoliang04/Library/Android/sdk/ndk/16.1.4479499/toolchains/x86-4.9/prebuilt/darwin-x86_64/lib/gcc/i686-linux-android/4.9.x -L/Users/lixiaoliang04/Library/Android/sdk/ndk/16.1.4479499/toolchains/x86-4.9/prebuilt/darwin-x86_64/lib/gcc/i686-linux-android/4.9.x/../../../../i686-linux-android/lib -L/Users/lixiaoliang04/Library/Android/sdk/ndk/16.1.4479499/platforms/android-14/arch-x86/usr/lib --exclude-libs libgcc.a --exclude-libs libatomic.a --build-id --warn-shared-textrel --fatal-warnings --no-undefined -z noexecstack -z relro -z now --gc-sections -z nocopyreloc CMakeFiles/cmTC_38b4f.dir/CMakeCXXCompilerABI.cpp.o -lstdc++ -lm -lgcc -lgcc -ldl -lc -lgcc -lgcc -ldl /Users/lixiaoliang04/Library/Android/sdk/ndk/16.1.4479499/platforms/android-14/arch-x86/usr/lib/crtend_android.o]
    arg [/Users/lixiaoliang04/Library/Android/sdk/ndk/16.1.4479499/toolchains/x86-4.9/prebuilt/darwin-x86_64/lib/gcc/i686-linux-android/4.9.x/../../../../i686-linux-android/bin/ld] ==> ignore
    arg [--sysroot=/Users/lixiaoliang04/Library/Android/sdk/ndk/16.1.4479499/platforms/android-14/arch-x86] ==> ignore
    arg [--eh-frame-hdr] ==> ignore
    arg [-m] ==> ignore
    arg [elf_i386] ==> ignore
    arg [-dynamic-linker] ==> ignore
    arg [/system/bin/linker] ==> ignore
    arg [-o] ==> ignore
    arg [cmTC_38b4f] ==> ignore
    arg [/Users/lixiaoliang04/Library/Android/sdk/ndk/16.1.4479499/platforms/android-14/arch-x86/usr/lib/crtbegin_dynamic.o] ==> ignore
    arg [-L/Users/lixiaoliang04/Library/Android/sdk/ndk/16.1.4479499/toolchains/llvm/prebuilt/darwin-x86_64/lib64/clang/5.0.300080/lib/linux/i386] ==> dir [/Users/lixiaoliang04/Library/Android/sdk/ndk/16.1.4479499/toolchains/llvm/prebuilt/darwin-x86_64/lib64/clang/5.0.300080/lib/linux/i386]
    arg [-L/Users/lixiaoliang04/Library/Android/sdk/ndk/16.1.4479499/toolchains/x86-4.9/prebuilt/darwin-x86_64/lib/gcc/i686-linux-android/4.9.x] ==> dir [/Users/lixiaoliang04/Library/Android/sdk/ndk/16.1.4479499/toolchains/x86-4.9/prebuilt/darwin-x86_64/lib/gcc/i686-linux-android/4.9.x]
    arg [-L/Users/lixiaoliang04/Library/Android/sdk/ndk/16.1.4479499/toolchains/x86-4.9/prebuilt/darwin-x86_64/lib/gcc/i686-linux-android/4.9.x/../../../../i686-linux-android/lib] ==> dir [/Users/lixiaoliang04/Library/Android/sdk/ndk/16.1.4479499/toolchains/x86-4.9/prebuilt/darwin-x86_64/lib/gcc/i686-linux-android/4.9.x/../../../../i686-linux-android/lib]
    arg [-L/Users/lixiaoliang04/Library/Android/sdk/ndk/16.1.4479499/platforms/android-14/arch-x86/usr/lib] ==> dir [/Users/lixiaoliang04/Library/Android/sdk/ndk/16.1.4479499/platforms/android-14/arch-x86/usr/lib]
    arg [--exclude-libs] ==> ignore
    arg [libgcc.a] ==> ignore
    arg [--exclude-libs] ==> ignore
    arg [libatomic.a] ==> ignore
    arg [--build-id] ==> ignore
    arg [--warn-shared-textrel] ==> ignore
    arg [--fatal-warnings] ==> ignore
    arg [--no-undefined] ==> ignore
    arg [-znoexecstack] ==> ignore
    arg [-zrelro] ==> ignore
    arg [-znow] ==> ignore
    arg [--gc-sections] ==> ignore
    arg [-znocopyreloc] ==> ignore
    arg [CMakeFiles/cmTC_38b4f.dir/CMakeCXXCompilerABI.cpp.o] ==> ignore
    arg [-lstdc++] ==> lib [stdc++]
    arg [-lm] ==> lib [m]
    arg [-lgcc] ==> lib [gcc]
    arg [-lgcc] ==> lib [gcc]
    arg [-ldl] ==> lib [dl]
    arg [-lc] ==> lib [c]
    arg [-lgcc] ==> lib [gcc]
    arg [-lgcc] ==> lib [gcc]
    arg [-ldl] ==> lib [dl]
    arg [/Users/lixiaoliang04/Library/Android/sdk/ndk/16.1.4479499/platforms/android-14/arch-x86/usr/lib/crtend_android.o] ==> ignore
  collapse library dir [/Users/lixiaoliang04/Library/Android/sdk/ndk/16.1.4479499/toolchains/llvm/prebuilt/darwin-x86_64/lib64/clang/5.0.300080/lib/linux/i386] ==> [/Users/lixiaoliang04/Library/Android/sdk/ndk/16.1.4479499/toolchains/llvm/prebuilt/darwin-x86_64/lib64/clang/5.0.300080/lib/linux/i386]
  collapse library dir [/Users/lixiaoliang04/Library/Android/sdk/ndk/16.1.4479499/toolchains/x86-4.9/prebuilt/darwin-x86_64/lib/gcc/i686-linux-android/4.9.x] ==> [/Users/lixiaoliang04/Library/Android/sdk/ndk/16.1.4479499/toolchains/x86-4.9/prebuilt/darwin-x86_64/lib/gcc/i686-linux-android/4.9.x]
  collapse library dir [/Users/lixiaoliang04/Library/Android/sdk/ndk/16.1.4479499/toolchains/x86-4.9/prebuilt/darwin-x86_64/lib/gcc/i686-linux-android/4.9.x/../../../../i686-linux-android/lib] ==> [/Users/lixiaoliang04/Library/Android/sdk/ndk/16.1.4479499/toolchains/x86-4.9/prebuilt/darwin-x86_64/i686-linux-android/lib]
  collapse library dir [/Users/lixiaoliang04/Library/Android/sdk/ndk/16.1.4479499/platforms/android-14/arch-x86/usr/lib] ==> [/Users/lixiaoliang04/Library/Android/sdk/ndk/16.1.4479499/platforms/android-14/arch-x86/usr/lib]
  implicit libs: [stdc++;m;gcc;gcc;dl;c;gcc;gcc;dl]
  implicit dirs: [/Users/lixiaoliang04/Library/Android/sdk/ndk/16.1.4479499/toolchains/llvm/prebuilt/darwin-x86_64/lib64/clang/5.0.300080/lib/linux/i386;/Users/lixiaoliang04/Library/Android/sdk/ndk/16.1.4479499/toolchains/x86-4.9/prebuilt/darwin-x86_64/lib/gcc/i686-linux-android/4.9.x;/Users/lixiaoliang04/Library/Android/sdk/ndk/16.1.4479499/toolchains/x86-4.9/prebuilt/darwin-x86_64/i686-linux-android/lib;/Users/lixiaoliang04/Library/Android/sdk/ndk/16.1.4479499/platforms/android-14/arch-x86/usr/lib]
  implicit fwks: []


